#
# There is insufficient memory for the Java Runtime Environment to continue.
# Native memory allocation (malloc) failed to allocate 65552 bytes. Error detail: Chunk::new
# Possible reasons:
#   The system is out of physical RAM or swap space
#   This process is running with CompressedOops enabled, and the Java Heap may be blocking the growth of the native heap
# Possible solutions:
#   Reduce memory load on the system
#   Increase physical memory or swap space
#   Check if swap backing store is full
#   Decrease Java heap size (-Xmx/-Xms)
#   Decrease number of Java threads
#   Decrease Java thread stack sizes (-Xss)
#   Set larger code cache with -XX:ReservedCodeCacheSize=
#   JVM is running with Unscaled Compressed Oops mode in which the Java heap is
#     placed in the first 4GB address space. The Java Heap base address is the
#     maximum limit for the native heap growth. Please use -XX:HeapBaseMinAddress
#     to set the Java Heap base and to place the Java Heap above 4GB virtual address.
# This output file may be truncated or incomplete.
#
#  Out of Memory Error (arena.cpp:168), pid=22224, tid=8328
#
# JRE version: OpenJDK Runtime Environment Temurin-21.0.4+7 (21.0.4+7) (build 21.0.4+7-LTS)
# Java VM: OpenJDK 64-Bit Server VM Temurin-21.0.4+7 (21.0.4+7-LTS, mixed mode, sharing, tiered, compressed oops, compressed class ptrs, g1 gc, windows-amd64)
# No core dump will be written. Minidumps are not enabled by default on client versions of Windows
#

---------------  S U M M A R Y ------------

Command Line: -Dhttps.protocols=TLSv1,TLSv1.1,TLSv1.2 bluej.Boot C:\Users\WINDOWS 11\Desktop\Intro\introduccion\project.greenfoot -greenfoot=true -bluej.compiler.showunchecked=false

Host: AMD Ryzen 3 3200U with Radeon Vega Mobile Gfx  , 4 cores, 5G,  Windows 11 , 64 bit Build 26100 (10.0.26100.8328)
Time: Fri Jun  5 08:41:12 2026 Hora est嫕dar, Am廨ica Central elapsed time: 124.184282 seconds (0d 0h 2m 4s)

---------------  T H R E A D  ---------------

Current thread (0x000001e94786b750):  JavaThread "C2 CompilerThread0" daemon [_thread_in_native, id=8328, stack(0x0000002da2f00000,0x0000002da3000000) (1024K)]


Current CompileTask:
C2: 124185 6423       4       com.sun.javafx.tk.quantum.QuantumToolkit$$Lambda/0x000001e94903c648::run (8 bytes)

Stack: [0x0000002da2f00000,0x0000002da3000000]
Native frames: (J=compiled Java code, j=interpreted, Vv=VM code, C=native code)
V  [jvm.dll+0x6cbcf9]
V  [jvm.dll+0x8a5551]
V  [jvm.dll+0x8a7a7e]
V  [jvm.dll+0x8a8153]
V  [jvm.dll+0x27eca6]
V  [jvm.dll+0xc4aad]
V  [jvm.dll+0xc4fe3]
V  [jvm.dll+0xd09dd]
V  [jvm.dll+0x5f554f]
V  [jvm.dll+0x2501d2]
V  [jvm.dll+0x2487ae]
V  [jvm.dll+0x2465e4]
V  [jvm.dll+0x1c6f7e]
V  [jvm.dll+0x255e7a]
V  [jvm.dll+0x25441a]
V  [jvm.dll+0x3eeef6]
V  [jvm.dll+0x84f17b]
V  [jvm.dll+0x6ca3fd]
C  [ucrtbase.dll+0x37b0]
C  [KERNEL32.DLL+0x2e957]
C  [ntdll.dll+0x427c]


---------------  P R O C E S S  ---------------

Threads class SMR info:
_java_thread_list=0x000001e997daf4d0, length=29, elements={
0x000001e92bf49800, 0x000001e947852dc0, 0x000001e947854390, 0x000001e947857f60,
0x000001e947858e50, 0x000001e9478630d0, 0x000001e9478646a0, 0x000001e94786b750,
0x000001e94786dd70, 0x000001e947b14250, 0x000001e947b14a80, 0x000001e947b96ee0,
0x000001e98d309f30, 0x000001e98d3c9370, 0x000001e98d3ca180, 0x000001e98d5b2020,
0x000001e98d5e1d00, 0x000001e9935f5570, 0x000001e9935f5c00, 0x000001e9935f6920,
0x000001e9935f7640, 0x000001e9935f7cd0, 0x000001e9935f4ee0, 0x000001e9977a8400,
0x000001e9977a8a90, 0x000001e9977a7050, 0x000001e9977a76e0, 0x000001e9977a9120,
0x000001e9977a7d70
}
_to_delete_list=0x000001e997010a60, length=30, elements={
0x000001e92bf49800, 0x000001e947852dc0, 0x000001e947854390, 0x000001e947857f60,
0x000001e947858e50, 0x000001e9478630d0, 0x000001e9478646a0, 0x000001e94786b750,
0x000001e94786dd70, 0x000001e947b14250, 0x000001e947b14a80, 0x000001e947b96ee0,
0x000001e98d309f30, 0x000001e98d3c9370, 0x000001e98d3ca180, 0x000001e98d5b2020,
0x000001e98d5e1d00, 0x000001e9935f5570, 0x000001e9935f5c00, 0x000001e9935f6920,
0x000001e9935f7640, 0x000001e9935f7cd0, 0x000001e9935f4ee0, 0x000001e9977a8400,
0x000001e9977a8a90, 0x000001e9977a7050, 0x000001e9977a76e0, 0x000001e9977a9120,
0x000001e9977a7d70, 0x000001e9934bc920
}

Java Threads: ( => current thread )
  0x000001e92bf49800 JavaThread "main"                              [_thread_blocked, id=21552, stack(0x0000002da2100000,0x0000002da2200000) (1024K)]
  0x000001e947852dc0 JavaThread "Reference Handler"          daemon [_thread_blocked, id=17692, stack(0x0000002da2900000,0x0000002da2a00000) (1024K)]
  0x000001e947854390 JavaThread "Finalizer"                  daemon [_thread_blocked, id=2744, stack(0x0000002da2a00000,0x0000002da2b00000) (1024K)]
  0x000001e947857f60 JavaThread "Signal Dispatcher"          daemon [_thread_blocked, id=1360, stack(0x0000002da2b00000,0x0000002da2c00000) (1024K)]
  0x000001e947858e50 JavaThread "Attach Listener"            daemon [_thread_blocked, id=20324, stack(0x0000002da2c00000,0x0000002da2d00000) (1024K)]
  0x000001e9478630d0 JavaThread "Service Thread"             daemon [_thread_blocked, id=16072, stack(0x0000002da2d00000,0x0000002da2e00000) (1024K)]
  0x000001e9478646a0 JavaThread "Monitor Deflation Thread"   daemon [_thread_blocked, id=22324, stack(0x0000002da2e00000,0x0000002da2f00000) (1024K)]
=>0x000001e94786b750 JavaThread "C2 CompilerThread0"         daemon [_thread_in_native, id=8328, stack(0x0000002da2f00000,0x0000002da3000000) (1024K)]
  0x000001e94786dd70 JavaThread "C1 CompilerThread0"         daemon [_thread_blocked, id=21164, stack(0x0000002da3000000,0x0000002da3100000) (1024K)]
  0x000001e947b14250 JavaThread "Notification Thread"        daemon [_thread_blocked, id=20084, stack(0x0000002da3100000,0x0000002da3200000) (1024K)]
  0x000001e947b14a80 JavaThread "Common-Cleaner"             daemon [_thread_blocked, id=17500, stack(0x0000002da3200000,0x0000002da3300000) (1024K)]
  0x000001e947b96ee0 JavaThread "JavaFX-Launcher"                   [_thread_blocked, id=4828, stack(0x0000002da3300000,0x0000002da3400000) (1024K)]
  0x000001e98d309f30 JavaThread "QuantumRenderer-0"          daemon [_thread_blocked, id=20796, stack(0x0000002da3500000,0x0000002da3600000) (1024K)]
  0x000001e98d3c9370 JavaThread "InvokeLaterDispatcher"      daemon [_thread_blocked, id=13840, stack(0x0000002da3400000,0x0000002da3500000) (1024K)]
  0x000001e98d3ca180 JavaThread "JavaFX Application Thread"         [_thread_in_native, id=5916, stack(0x0000002da3800000,0x0000002da3900000) (1024K)]
  0x000001e98d5b2020 JavaThread "Thread-2"                   daemon [_thread_in_native, id=10740, stack(0x0000002da3d00000,0x0000002da3e00000) (1024K)]
  0x000001e98d5e1d00 JavaThread "subMain thread"                    [_thread_blocked, id=23380, stack(0x0000002da4100000,0x0000002da4200000) (1024K)]
  0x000001e9935f5570 JavaThread "Prism Font Disposer"        daemon [_thread_blocked, id=23464, stack(0x0000002da4600000,0x0000002da4700000) (1024K)]
  0x000001e9935f5c00 JavaThread "pool-2-thread-1"                   [_thread_blocked, id=16184, stack(0x0000002da4800000,0x0000002da4900000) (1024K)]
  0x000001e9935f6920 JavaThread "VMCommsMain"                       [_thread_blocked, id=21444, stack(0x0000002da4400000,0x0000002da4500000) (1024K)]
  0x000001e9935f7640 JavaThread "Timer-0"                           [_thread_blocked, id=20756, stack(0x0000002da4500000,0x0000002da4600000) (1024K)]
  0x000001e9935f7cd0 JavaThread "JDI Internal Event Handler" daemon [_thread_blocked, id=13956, stack(0x0000002da4f00000,0x0000002da5000000) (1024K)]
  0x000001e9935f4ee0 JavaThread "JDI Target VM Interface"    daemon [_thread_in_native, id=23248, stack(0x0000002da5000000,0x0000002da5100000) (1024K)]
  0x000001e9977a8400 JavaThread "BlueJ I/O Handler"                 [_thread_in_native, id=9728, stack(0x0000002da5100000,0x0000002da5200000) (1024K)]
  0x000001e9977a8a90 JavaThread "BlueJ I/O Handler"                 [_thread_in_native, id=20428, stack(0x0000002da5200000,0x0000002da5300000) (1024K)]
  0x000001e9977a7050 JavaThread "BlueJ I/O Handler"                 [_thread_blocked, id=3788, stack(0x0000002da5300000,0x0000002da5400000) (1024K)]
  0x000001e9977a76e0 JavaThread "Cleaner-0"                  daemon [_thread_blocked, id=16648, stack(0x0000002da5400000,0x0000002da5500000) (1024K)]
  0x000001e9977a9120 JavaThread "VM Event Handler Helper"           [_thread_blocked, id=18144, stack(0x0000002da5600000,0x0000002da5700000) (1024K)]
  0x000001e9977a7d70 JavaThread "vm-event-handler"                  [_thread_blocked, id=21388, stack(0x0000002da5700000,0x0000002da5800000) (1024K)]
Total: 29

Other Threads:
  0x000001e94782c4d0 VMThread "VM Thread"                           [id=15900, stack(0x0000002da2800000,0x0000002da2900000) (1024K)]
  0x000001e947814a30 WatcherThread "VM Periodic Task Thread"        [id=12104, stack(0x0000002da2700000,0x0000002da2800000) (1024K)]
  0x000001e92bf8d1b0 WorkerThread "GC Thread#0"                     [id=15688, stack(0x0000002da2200000,0x0000002da2300000) (1024K)]
  0x000001e98d59c4a0 WorkerThread "GC Thread#1"                     [id=18852, stack(0x0000002da3e00000,0x0000002da3f00000) (1024K)]
  0x000001e98d5a2c90 WorkerThread "GC Thread#2"                     [id=19616, stack(0x0000002da3f00000,0x0000002da4000000) (1024K)]
  0x000001e98d5a3030 WorkerThread "GC Thread#3"                     [id=21528, stack(0x0000002da4000000,0x0000002da4100000) (1024K)]
  0x000001e92bf9b3f0 ConcurrentGCThread "G1 Main Marker"            [id=23144, stack(0x0000002da2300000,0x0000002da2400000) (1024K)]
  0x000001e92bf9c700 WorkerThread "G1 Conc#0"                       [id=5312, stack(0x0000002da2400000,0x0000002da2500000) (1024K)]
  0x000001e9476f10a0 ConcurrentGCThread "G1 Refine#0"               [id=12784, stack(0x0000002da2500000,0x0000002da2600000) (1024K)]
  0x000001e9476f1ab0 ConcurrentGCThread "G1 Service"                [id=19864, stack(0x0000002da2600000,0x0000002da2700000) (1024K)]
Total: 10

Threads with active compile tasks:
C2 CompilerThread0   124314 6423       4       com.sun.javafx.tk.quantum.QuantumToolkit$$Lambda/0x000001e94903c648::run (8 bytes)
Total: 1

VM state: not at safepoint (normal execution)

VM Mutex/Monitor currently owned by a thread: None

Heap address: 0x00000000a1e00000, size: 1506 MB, Compressed Oops mode: 32-bit

CDS archive(s) mapped at: [0x000001e948000000-0x000001e948c90000-0x000001e948c90000), size 13172736, SharedBaseAddress: 0x000001e948000000, ArchiveRelocationMode: 1.
Compressed class space mapped at: 0x000001e949000000-0x000001e989000000, reserved size: 1073741824
Narrow klass base: 0x000001e948000000, Narrow klass shift: 0, Narrow klass range: 0x100000000

GC Precious Log:
 CardTable entry size: 512
 Card Set container configuration: InlinePtr #cards 5 size 8 Array Of Cards #cards 12 size 40 Howl #buckets 4 coarsen threshold 1843 Howl Bitmap #cards 512 size 80 coarsen threshold 460 Card regions per heap region 1 cards per card region 2048
 CPUs: 4 total, 4 available
 Memory: 6020M
 Large Page Support: Disabled
 NUMA Support: Disabled
 Compressed Oops: Enabled (32-bit)
 Heap Region Size: 1M
 Heap Min Capacity: 8M
 Heap Initial Capacity: 96M
 Heap Max Capacity: 1506M
 Pre-touch: Disabled
 Parallel Workers: 4
 Concurrent Workers: 1
 Concurrent Refinement Workers: 4
 Periodic GC: Disabled

Heap:
 garbage-first heap   total 166912K, used 73172K [0x00000000a1e00000, 0x0000000100000000)
  region size 1024K, 14 young (14336K), 4 survivors (4096K)
 Metaspace       used 36808K, committed 37312K, reserved 1114112K
  class space    used 5145K, committed 5376K, reserved 1048576K

Heap Regions: E=young(eden), S=young(survivor), O=old, HS=humongous(starts), HC=humongous(continues), CS=collection set, F=free, TAMS=top-at-mark-start, PB=parsable bottom
|   0|0x00000000a1e00000, 0x00000000a1f00000, 0x00000000a1f00000|100%| O|  |TAMS 0x00000000a1e00000| PB 0x00000000a1e00000| Untracked 
|   1|0x00000000a1f00000, 0x00000000a2000000, 0x00000000a2000000|100%| O|  |TAMS 0x00000000a1f00000| PB 0x00000000a1f00000| Untracked 
|   2|0x00000000a2000000, 0x00000000a2100000, 0x00000000a2100000|100%| O|Cm|TAMS 0x00000000a2000000| PB 0x00000000a2000000| Complete 
|   3|0x00000000a2100000, 0x00000000a2200000, 0x00000000a2200000|100%| O|  |TAMS 0x00000000a2100000| PB 0x00000000a2100000| Untracked 
|   4|0x00000000a2200000, 0x00000000a2300000, 0x00000000a2300000|100%| O|  |TAMS 0x00000000a2200000| PB 0x00000000a2200000| Untracked 
|   5|0x00000000a2300000, 0x00000000a2400000, 0x00000000a2400000|100%| O|  |TAMS 0x00000000a2300000| PB 0x00000000a2300000| Untracked 
|   6|0x00000000a2400000, 0x00000000a2500000, 0x00000000a2500000|100%| O|  |TAMS 0x00000000a2400000| PB 0x00000000a2400000| Untracked 
|   7|0x00000000a2500000, 0x00000000a2600000, 0x00000000a2600000|100%| O|  |TAMS 0x00000000a2500000| PB 0x00000000a2500000| Untracked 
|   8|0x00000000a2600000, 0x00000000a2700000, 0x00000000a2700000|100%| O|  |TAMS 0x00000000a2600000| PB 0x00000000a2600000| Untracked 
|   9|0x00000000a2700000, 0x00000000a2800000, 0x00000000a2800000|100%| O|  |TAMS 0x00000000a2700000| PB 0x00000000a2700000| Untracked 
|  10|0x00000000a2800000, 0x00000000a2900000, 0x00000000a2900000|100%| O|  |TAMS 0x00000000a2800000| PB 0x00000000a2800000| Untracked 
|  11|0x00000000a2900000, 0x00000000a2a00000, 0x00000000a2a00000|100%| O|  |TAMS 0x00000000a2900000| PB 0x00000000a2900000| Untracked 
|  12|0x00000000a2a00000, 0x00000000a2b00000, 0x00000000a2b00000|100%|HS|  |TAMS 0x00000000a2a00000| PB 0x00000000a2a00000| Complete 
|  13|0x00000000a2b00000, 0x00000000a2c00000, 0x00000000a2c00000|100%|HC|  |TAMS 0x00000000a2b00000| PB 0x00000000a2b00000| Complete 
|  14|0x00000000a2c00000, 0x00000000a2d00000, 0x00000000a2d00000|100%| O|  |TAMS 0x00000000a2c00000| PB 0x00000000a2c00000| Untracked 
|  15|0x00000000a2d00000, 0x00000000a2e00000, 0x00000000a2e00000|100%|HS|  |TAMS 0x00000000a2d00000| PB 0x00000000a2d00000| Complete 
|  16|0x00000000a2e00000, 0x00000000a2f00000, 0x00000000a2f00000|100%|HC|  |TAMS 0x00000000a2e00000| PB 0x00000000a2e00000| Complete 
|  17|0x00000000a2f00000, 0x00000000a3000000, 0x00000000a3000000|100%| O|  |TAMS 0x00000000a2f00000| PB 0x00000000a2f00000| Untracked 
|  18|0x00000000a3000000, 0x00000000a3100000, 0x00000000a3100000|100%| O|  |TAMS 0x00000000a3000000| PB 0x00000000a3000000| Untracked 
|  19|0x00000000a3100000, 0x00000000a3200000, 0x00000000a3200000|100%| O|  |TAMS 0x00000000a3100000| PB 0x00000000a3100000| Untracked 
|  20|0x00000000a3200000, 0x00000000a3300000, 0x00000000a3300000|100%| O|  |TAMS 0x00000000a3200000| PB 0x00000000a3200000| Untracked 
|  21|0x00000000a3300000, 0x00000000a3400000, 0x00000000a3400000|100%| O|Cm|TAMS 0x00000000a3300000| PB 0x00000000a3300000| Complete 
|  22|0x00000000a3400000, 0x00000000a3500000, 0x00000000a3500000|100%| O|  |TAMS 0x00000000a3400000| PB 0x00000000a3400000| Untracked 
|  23|0x00000000a3500000, 0x00000000a3600000, 0x00000000a3600000|100%| O|  |TAMS 0x00000000a3500000| PB 0x00000000a3500000| Untracked 
|  24|0x00000000a3600000, 0x00000000a3700000, 0x00000000a3700000|100%| O|Cm|TAMS 0x00000000a3600000| PB 0x00000000a3600000| Complete 
|  25|0x00000000a3700000, 0x00000000a3800000, 0x00000000a3800000|100%| O|  |TAMS 0x00000000a3700000| PB 0x00000000a3700000| Untracked 
|  26|0x00000000a3800000, 0x00000000a3900000, 0x00000000a3900000|100%| O|Cm|TAMS 0x00000000a3800000| PB 0x00000000a3800000| Complete 
|  27|0x00000000a3900000, 0x00000000a3a00000, 0x00000000a3a00000|100%| O|Cm|TAMS 0x00000000a3900000| PB 0x00000000a3900000| Complete 
|  28|0x00000000a3a00000, 0x00000000a3b00000, 0x00000000a3b00000|100%| O|  |TAMS 0x00000000a3a00000| PB 0x00000000a3a00000| Untracked 
|  29|0x00000000a3b00000, 0x00000000a3c00000, 0x00000000a3c00000|100%| O|  |TAMS 0x00000000a3b00000| PB 0x00000000a3b00000| Untracked 
|  30|0x00000000a3c00000, 0x00000000a3d00000, 0x00000000a3d00000|100%| O|  |TAMS 0x00000000a3c00000| PB 0x00000000a3c00000| Untracked 
|  31|0x00000000a3d00000, 0x00000000a3e00000, 0x00000000a3e00000|100%| O|  |TAMS 0x00000000a3d00000| PB 0x00000000a3d00000| Untracked 
|  32|0x00000000a3e00000, 0x00000000a3e75240, 0x00000000a3f00000| 45%| O|  |TAMS 0x00000000a3e00000| PB 0x00000000a3e00000| Untracked 
|  33|0x00000000a3f00000, 0x00000000a4000000, 0x00000000a4000000|100%|HS|  |TAMS 0x00000000a3f00000| PB 0x00000000a3f00000| Complete 
|  34|0x00000000a4000000, 0x00000000a4100000, 0x00000000a4100000|100%|HC|  |TAMS 0x00000000a4000000| PB 0x00000000a4000000| Complete 
|  35|0x00000000a4100000, 0x00000000a4100000, 0x00000000a4200000|  0%| F|  |TAMS 0x00000000a4100000| PB 0x00000000a4100000| Untracked 
|  36|0x00000000a4200000, 0x00000000a4300000, 0x00000000a4300000|100%| O|  |TAMS 0x00000000a4200000| PB 0x00000000a4200000| Untracked 
|  37|0x00000000a4300000, 0x00000000a4400000, 0x00000000a4400000|100%| O|  |TAMS 0x00000000a4300000| PB 0x00000000a4300000| Untracked 
|  38|0x00000000a4400000, 0x00000000a4500000, 0x00000000a4500000|100%|HS|  |TAMS 0x00000000a4400000| PB 0x00000000a4400000| Complete 
|  39|0x00000000a4500000, 0x00000000a4600000, 0x00000000a4600000|100%|HC|  |TAMS 0x00000000a4500000| PB 0x00000000a4500000| Complete 
|  40|0x00000000a4600000, 0x00000000a4600000, 0x00000000a4700000|  0%| F|  |TAMS 0x00000000a4600000| PB 0x00000000a4600000| Untracked 
|  41|0x00000000a4700000, 0x00000000a4700000, 0x00000000a4800000|  0%| F|  |TAMS 0x00000000a4700000| PB 0x00000000a4700000| Untracked 
|  42|0x00000000a4800000, 0x00000000a4900000, 0x00000000a4900000|100%| O|  |TAMS 0x00000000a4800000| PB 0x00000000a4800000| Untracked 
|  43|0x00000000a4900000, 0x00000000a4a00000, 0x00000000a4a00000|100%| O|  |TAMS 0x00000000a4900000| PB 0x00000000a4900000| Untracked 
|  44|0x00000000a4a00000, 0x00000000a4b00000, 0x00000000a4b00000|100%| O|  |TAMS 0x00000000a4a00000| PB 0x00000000a4a00000| Untracked 
|  45|0x00000000a4b00000, 0x00000000a4c00000, 0x00000000a4c00000|100%| O|  |TAMS 0x00000000a4b00000| PB 0x00000000a4b00000| Untracked 
|  46|0x00000000a4c00000, 0x00000000a4d00000, 0x00000000a4d00000|100%| O|  |TAMS 0x00000000a4c00000| PB 0x00000000a4c00000| Untracked 
|  47|0x00000000a4d00000, 0x00000000a4e00000, 0x00000000a4e00000|100%| O|  |TAMS 0x00000000a4d00000| PB 0x00000000a4d00000| Untracked 
|  48|0x00000000a4e00000, 0x00000000a4f00000, 0x00000000a4f00000|100%| O|  |TAMS 0x00000000a4e00000| PB 0x00000000a4e00000| Untracked 
|  49|0x00000000a4f00000, 0x00000000a5000000, 0x00000000a5000000|100%| O|  |TAMS 0x00000000a4f00000| PB 0x00000000a4f00000| Untracked 
|  50|0x00000000a5000000, 0x00000000a5100000, 0x00000000a5100000|100%| O|  |TAMS 0x00000000a5000000| PB 0x00000000a5000000| Untracked 
|  51|0x00000000a5100000, 0x00000000a5200000, 0x00000000a5200000|100%| O|  |TAMS 0x00000000a5100000| PB 0x00000000a5100000| Untracked 
|  52|0x00000000a5200000, 0x00000000a5300000, 0x00000000a5300000|100%| O|  |TAMS 0x00000000a5200000| PB 0x00000000a5200000| Untracked 
|  53|0x00000000a5300000, 0x00000000a5400000, 0x00000000a5400000|100%| O|  |TAMS 0x00000000a5300000| PB 0x00000000a5300000| Untracked 
|  54|0x00000000a5400000, 0x00000000a5500000, 0x00000000a5500000|100%| O|  |TAMS 0x00000000a5400000| PB 0x00000000a5400000| Untracked 
|  55|0x00000000a5500000, 0x00000000a5600000, 0x00000000a5600000|100%| O|Cm|TAMS 0x00000000a5500000| PB 0x00000000a5500000| Complete 
|  56|0x00000000a5600000, 0x00000000a5700000, 0x00000000a5700000|100%| O|Cm|TAMS 0x00000000a5600000| PB 0x00000000a5600000| Complete 
|  57|0x00000000a5700000, 0x00000000a5700000, 0x00000000a5800000|  0%| F|  |TAMS 0x00000000a5700000| PB 0x00000000a5700000| Untracked 
|  58|0x00000000a5800000, 0x00000000a5800000, 0x00000000a5900000|  0%| F|  |TAMS 0x00000000a5800000| PB 0x00000000a5800000| Untracked 
|  59|0x00000000a5900000, 0x00000000a5900000, 0x00000000a5a00000|  0%| F|  |TAMS 0x00000000a5900000| PB 0x00000000a5900000| Untracked 
|  60|0x00000000a5a00000, 0x00000000a5a00000, 0x00000000a5b00000|  0%| F|  |TAMS 0x00000000a5a00000| PB 0x00000000a5a00000| Untracked 
|  61|0x00000000a5b00000, 0x00000000a5b00000, 0x00000000a5c00000|  0%| F|  |TAMS 0x00000000a5b00000| PB 0x00000000a5b00000| Untracked 
|  62|0x00000000a5c00000, 0x00000000a5c00000, 0x00000000a5d00000|  0%| F|  |TAMS 0x00000000a5c00000| PB 0x00000000a5c00000| Untracked 
|  63|0x00000000a5d00000, 0x00000000a5d00000, 0x00000000a5e00000|  0%| F|  |TAMS 0x00000000a5d00000| PB 0x00000000a5d00000| Untracked 
|  64|0x00000000a5e00000, 0x00000000a5e00000, 0x00000000a5f00000|  0%| F|  |TAMS 0x00000000a5e00000| PB 0x00000000a5e00000| Untracked 
|  65|0x00000000a5f00000, 0x00000000a5f00000, 0x00000000a6000000|  0%| F|  |TAMS 0x00000000a5f00000| PB 0x00000000a5f00000| Untracked 
|  66|0x00000000a6000000, 0x00000000a6100000, 0x00000000a6100000|100%| O|Cm|TAMS 0x00000000a6000000| PB 0x00000000a6000000| Complete 
|  67|0x00000000a6100000, 0x00000000a6100000, 0x00000000a6200000|  0%| F|  |TAMS 0x00000000a6100000| PB 0x00000000a6100000| Untracked 
|  68|0x00000000a6200000, 0x00000000a6200000, 0x00000000a6300000|  0%| F|  |TAMS 0x00000000a6200000| PB 0x00000000a6200000| Untracked 
|  69|0x00000000a6300000, 0x00000000a6300000, 0x00000000a6400000|  0%| F|  |TAMS 0x00000000a6300000| PB 0x00000000a6300000| Untracked 
|  70|0x00000000a6400000, 0x00000000a6400000, 0x00000000a6500000|  0%| F|  |TAMS 0x00000000a6400000| PB 0x00000000a6400000| Untracked 
|  71|0x00000000a6500000, 0x00000000a6500000, 0x00000000a6600000|  0%| F|  |TAMS 0x00000000a6500000| PB 0x00000000a6500000| Untracked 
|  72|0x00000000a6600000, 0x00000000a6600000, 0x00000000a6700000|  0%| F|  |TAMS 0x00000000a6600000| PB 0x00000000a6600000| Untracked 
|  73|0x00000000a6700000, 0x00000000a6700000, 0x00000000a6800000|  0%| F|  |TAMS 0x00000000a6700000| PB 0x00000000a6700000| Untracked 
|  74|0x00000000a6800000, 0x00000000a6800000, 0x00000000a6900000|  0%| F|  |TAMS 0x00000000a6800000| PB 0x00000000a6800000| Untracked 
|  75|0x00000000a6900000, 0x00000000a6900000, 0x00000000a6a00000|  0%| F|  |TAMS 0x00000000a6900000| PB 0x00000000a6900000| Untracked 
|  76|0x00000000a6a00000, 0x00000000a6a00000, 0x00000000a6b00000|  0%| F|  |TAMS 0x00000000a6a00000| PB 0x00000000a6a00000| Untracked 
|  77|0x00000000a6b00000, 0x00000000a6b00000, 0x00000000a6c00000|  0%| F|  |TAMS 0x00000000a6b00000| PB 0x00000000a6b00000| Untracked 
|  78|0x00000000a6c00000, 0x00000000a6c00000, 0x00000000a6d00000|  0%| F|  |TAMS 0x00000000a6c00000| PB 0x00000000a6c00000| Untracked 
|  79|0x00000000a6d00000, 0x00000000a6d00000, 0x00000000a6e00000|  0%| F|  |TAMS 0x00000000a6d00000| PB 0x00000000a6d00000| Untracked 
|  80|0x00000000a6e00000, 0x00000000a6e00000, 0x00000000a6f00000|  0%| F|  |TAMS 0x00000000a6e00000| PB 0x00000000a6e00000| Untracked 
|  81|0x00000000a6f00000, 0x00000000a6f00000, 0x00000000a7000000|  0%| F|  |TAMS 0x00000000a6f00000| PB 0x00000000a6f00000| Untracked 
|  82|0x00000000a7000000, 0x00000000a7000000, 0x00000000a7100000|  0%| F|  |TAMS 0x00000000a7000000| PB 0x00000000a7000000| Untracked 
|  83|0x00000000a7100000, 0x00000000a7100000, 0x00000000a7200000|  0%| F|  |TAMS 0x00000000a7100000| PB 0x00000000a7100000| Untracked 
|  84|0x00000000a7200000, 0x00000000a7200000, 0x00000000a7300000|  0%| F|  |TAMS 0x00000000a7200000| PB 0x00000000a7200000| Untracked 
|  85|0x00000000a7300000, 0x00000000a7300000, 0x00000000a7400000|  0%| F|  |TAMS 0x00000000a7300000| PB 0x00000000a7300000| Untracked 
|  86|0x00000000a7400000, 0x00000000a7400000, 0x00000000a7500000|  0%| F|  |TAMS 0x00000000a7400000| PB 0x00000000a7400000| Untracked 
|  87|0x00000000a7500000, 0x00000000a7500000, 0x00000000a7600000|  0%| F|  |TAMS 0x00000000a7500000| PB 0x00000000a7500000| Untracked 
|  88|0x00000000a7600000, 0x00000000a7600000, 0x00000000a7700000|  0%| F|  |TAMS 0x00000000a7600000| PB 0x00000000a7600000| Untracked 
|  89|0x00000000a7700000, 0x00000000a7700000, 0x00000000a7800000|  0%| F|  |TAMS 0x00000000a7700000| PB 0x00000000a7700000| Untracked 
|  90|0x00000000a7800000, 0x00000000a7800000, 0x00000000a7900000|  0%| F|  |TAMS 0x00000000a7800000| PB 0x00000000a7800000| Untracked 
|  91|0x00000000a7900000, 0x00000000a7900000, 0x00000000a7a00000|  0%| F|  |TAMS 0x00000000a7900000| PB 0x00000000a7900000| Untracked 
|  92|0x00000000a7a00000, 0x00000000a7a00000, 0x00000000a7b00000|  0%| F|  |TAMS 0x00000000a7a00000| PB 0x00000000a7a00000| Untracked 
|  93|0x00000000a7b00000, 0x00000000a7b00000, 0x00000000a7c00000|  0%| F|  |TAMS 0x00000000a7b00000| PB 0x00000000a7b00000| Untracked 
|  94|0x00000000a7c00000, 0x00000000a7c00000, 0x00000000a7d00000|  0%| F|  |TAMS 0x00000000a7c00000| PB 0x00000000a7c00000| Untracked 
|  95|0x00000000a7d00000, 0x00000000a7d00000, 0x00000000a7e00000|  0%| F|  |TAMS 0x00000000a7d00000| PB 0x00000000a7d00000| Untracked 
|  96|0x00000000a7e00000, 0x00000000a7e00000, 0x00000000a7f00000|  0%| F|  |TAMS 0x00000000a7e00000| PB 0x00000000a7e00000| Untracked 
|  97|0x00000000a7f00000, 0x00000000a7f00000, 0x00000000a8000000|  0%| F|  |TAMS 0x00000000a7f00000| PB 0x00000000a7f00000| Untracked 
|  98|0x00000000a8000000, 0x00000000a8000000, 0x00000000a8100000|  0%| F|  |TAMS 0x00000000a8000000| PB 0x00000000a8000000| Untracked 
|  99|0x00000000a8100000, 0x00000000a8100000, 0x00000000a8200000|  0%| F|  |TAMS 0x00000000a8100000| PB 0x00000000a8100000| Untracked 
| 100|0x00000000a8200000, 0x00000000a8200000, 0x00000000a8300000|  0%| F|  |TAMS 0x00000000a8200000| PB 0x00000000a8200000| Untracked 
| 101|0x00000000a8300000, 0x00000000a8300000, 0x00000000a8400000|  0%| F|  |TAMS 0x00000000a8300000| PB 0x00000000a8300000| Untracked 
| 102|0x00000000a8400000, 0x00000000a8400000, 0x00000000a8500000|  0%| F|  |TAMS 0x00000000a8400000| PB 0x00000000a8400000| Untracked 
| 103|0x00000000a8500000, 0x00000000a8500000, 0x00000000a8600000|  0%| F|  |TAMS 0x00000000a8500000| PB 0x00000000a8500000| Untracked 
| 104|0x00000000a8600000, 0x00000000a8600000, 0x00000000a8700000|  0%| F|  |TAMS 0x00000000a8600000| PB 0x00000000a8600000| Untracked 
| 105|0x00000000a8700000, 0x00000000a8700000, 0x00000000a8800000|  0%| F|  |TAMS 0x00000000a8700000| PB 0x00000000a8700000| Untracked 
| 106|0x00000000a8800000, 0x00000000a8800000, 0x00000000a8900000|  0%| F|  |TAMS 0x00000000a8800000| PB 0x00000000a8800000| Untracked 
| 107|0x00000000a8900000, 0x00000000a8900000, 0x00000000a8a00000|  0%| F|  |TAMS 0x00000000a8900000| PB 0x00000000a8900000| Untracked 
| 108|0x00000000a8a00000, 0x00000000a8a00000, 0x00000000a8b00000|  0%| F|  |TAMS 0x00000000a8a00000| PB 0x00000000a8a00000| Untracked 
| 109|0x00000000a8b00000, 0x00000000a8b00000, 0x00000000a8c00000|  0%| F|  |TAMS 0x00000000a8b00000| PB 0x00000000a8b00000| Untracked 
| 110|0x00000000a8c00000, 0x00000000a8c00000, 0x00000000a8d00000|  0%| F|  |TAMS 0x00000000a8c00000| PB 0x00000000a8c00000| Untracked 
| 111|0x00000000a8d00000, 0x00000000a8d00000, 0x00000000a8e00000|  0%| F|  |TAMS 0x00000000a8d00000| PB 0x00000000a8d00000| Untracked 
| 112|0x00000000a8e00000, 0x00000000a8e00000, 0x00000000a8f00000|  0%| F|  |TAMS 0x00000000a8e00000| PB 0x00000000a8e00000| Untracked 
| 113|0x00000000a8f00000, 0x00000000a8f00000, 0x00000000a9000000|  0%| F|  |TAMS 0x00000000a8f00000| PB 0x00000000a8f00000| Untracked 
| 114|0x00000000a9000000, 0x00000000a9000000, 0x00000000a9100000|  0%| F|  |TAMS 0x00000000a9000000| PB 0x00000000a9000000| Untracked 
| 115|0x00000000a9100000, 0x00000000a9100000, 0x00000000a9200000|  0%| F|  |TAMS 0x00000000a9100000| PB 0x00000000a9100000| Untracked 
| 116|0x00000000a9200000, 0x00000000a9200000, 0x00000000a9300000|  0%| F|  |TAMS 0x00000000a9200000| PB 0x00000000a9200000| Untracked 
| 117|0x00000000a9300000, 0x00000000a9300000, 0x00000000a9400000|  0%| F|  |TAMS 0x00000000a9300000| PB 0x00000000a9300000| Untracked 
| 118|0x00000000a9400000, 0x00000000a9400000, 0x00000000a9500000|  0%| F|  |TAMS 0x00000000a9400000| PB 0x00000000a9400000| Untracked 
| 119|0x00000000a9500000, 0x00000000a9500000, 0x00000000a9600000|  0%| F|  |TAMS 0x00000000a9500000| PB 0x00000000a9500000| Untracked 
| 120|0x00000000a9600000, 0x00000000a9600000, 0x00000000a9700000|  0%| F|  |TAMS 0x00000000a9600000| PB 0x00000000a9600000| Untracked 
| 121|0x00000000a9700000, 0x00000000a9700000, 0x00000000a9800000|  0%| F|  |TAMS 0x00000000a9700000| PB 0x00000000a9700000| Untracked 
| 122|0x00000000a9800000, 0x00000000a9800000, 0x00000000a9900000|  0%| F|  |TAMS 0x00000000a9800000| PB 0x00000000a9800000| Untracked 
| 123|0x00000000a9900000, 0x00000000a9900000, 0x00000000a9a00000|  0%| F|  |TAMS 0x00000000a9900000| PB 0x00000000a9900000| Untracked 
| 124|0x00000000a9a00000, 0x00000000a9a00000, 0x00000000a9b00000|  0%| F|  |TAMS 0x00000000a9a00000| PB 0x00000000a9a00000| Untracked 
| 125|0x00000000a9b00000, 0x00000000a9b00000, 0x00000000a9c00000|  0%| F|  |TAMS 0x00000000a9b00000| PB 0x00000000a9b00000| Untracked 
| 126|0x00000000a9c00000, 0x00000000a9c00000, 0x00000000a9d00000|  0%| F|  |TAMS 0x00000000a9c00000| PB 0x00000000a9c00000| Untracked 
| 127|0x00000000a9d00000, 0x00000000a9d00000, 0x00000000a9e00000|  0%| F|  |TAMS 0x00000000a9d00000| PB 0x00000000a9d00000| Untracked 
| 128|0x00000000a9e00000, 0x00000000a9e00000, 0x00000000a9f00000|  0%| F|  |TAMS 0x00000000a9e00000| PB 0x00000000a9e00000| Untracked 
| 129|0x00000000a9f00000, 0x00000000a9f00000, 0x00000000aa000000|  0%| F|  |TAMS 0x00000000a9f00000| PB 0x00000000a9f00000| Untracked 
| 130|0x00000000aa000000, 0x00000000aa000000, 0x00000000aa100000|  0%| F|  |TAMS 0x00000000aa000000| PB 0x00000000aa000000| Untracked 
| 131|0x00000000aa100000, 0x00000000aa100000, 0x00000000aa200000|  0%| F|  |TAMS 0x00000000aa100000| PB 0x00000000aa100000| Untracked 
| 132|0x00000000aa200000, 0x00000000aa200000, 0x00000000aa300000|  0%| F|  |TAMS 0x00000000aa200000| PB 0x00000000aa200000| Untracked 
| 133|0x00000000aa300000, 0x00000000aa300000, 0x00000000aa400000|  0%| F|  |TAMS 0x00000000aa300000| PB 0x00000000aa300000| Untracked 
| 134|0x00000000aa400000, 0x00000000aa400000, 0x00000000aa500000|  0%| F|  |TAMS 0x00000000aa400000| PB 0x00000000aa400000| Untracked 
| 135|0x00000000aa500000, 0x00000000aa500000, 0x00000000aa600000|  0%| F|  |TAMS 0x00000000aa500000| PB 0x00000000aa500000| Untracked 
| 136|0x00000000aa600000, 0x00000000aa600000, 0x00000000aa700000|  0%| F|  |TAMS 0x00000000aa600000| PB 0x00000000aa600000| Untracked 
| 137|0x00000000aa700000, 0x00000000aa700000, 0x00000000aa800000|  0%| F|  |TAMS 0x00000000aa700000| PB 0x00000000aa700000| Untracked 
| 138|0x00000000aa800000, 0x00000000aa800000, 0x00000000aa900000|  0%| F|  |TAMS 0x00000000aa800000| PB 0x00000000aa800000| Untracked 
| 139|0x00000000aa900000, 0x00000000aa900000, 0x00000000aaa00000|  0%| F|  |TAMS 0x00000000aa900000| PB 0x00000000aa900000| Untracked 
| 140|0x00000000aaa00000, 0x00000000aaa00000, 0x00000000aab00000|  0%| F|  |TAMS 0x00000000aaa00000| PB 0x00000000aaa00000| Untracked 
| 141|0x00000000aab00000, 0x00000000aab00000, 0x00000000aac00000|  0%| F|  |TAMS 0x00000000aab00000| PB 0x00000000aab00000| Untracked 
| 142|0x00000000aac00000, 0x00000000aac00000, 0x00000000aad00000|  0%| F|  |TAMS 0x00000000aac00000| PB 0x00000000aac00000| Untracked 
| 143|0x00000000aad00000, 0x00000000aae00000, 0x00000000aae00000|100%| S|CS|TAMS 0x00000000aad00000| PB 0x00000000aad00000| Complete 
| 144|0x00000000aae00000, 0x00000000aaf00000, 0x00000000aaf00000|100%| S|CS|TAMS 0x00000000aae00000| PB 0x00000000aae00000| Complete 
| 145|0x00000000aaf00000, 0x00000000ab000000, 0x00000000ab000000|100%| S|CS|TAMS 0x00000000aaf00000| PB 0x00000000aaf00000| Complete 
| 146|0x00000000ab000000, 0x00000000ab100000, 0x00000000ab100000|100%| S|CS|TAMS 0x00000000ab000000| PB 0x00000000ab000000| Complete 
| 147|0x00000000ab100000, 0x00000000ab100000, 0x00000000ab200000|  0%| F|  |TAMS 0x00000000ab100000| PB 0x00000000ab100000| Untracked 
| 148|0x00000000ab200000, 0x00000000ab200000, 0x00000000ab300000|  0%| F|  |TAMS 0x00000000ab200000| PB 0x00000000ab200000| Untracked 
| 149|0x00000000ab300000, 0x00000000ab3a99c8, 0x00000000ab400000| 66%| E|  |TAMS 0x00000000ab300000| PB 0x00000000ab300000| Complete 
| 150|0x00000000ab400000, 0x00000000ab500000, 0x00000000ab500000|100%| E|CS|TAMS 0x00000000ab400000| PB 0x00000000ab400000| Complete 
| 151|0x00000000ab500000, 0x00000000ab600000, 0x00000000ab600000|100%| E|CS|TAMS 0x00000000ab500000| PB 0x00000000ab500000| Complete 
| 152|0x00000000ab600000, 0x00000000ab700000, 0x00000000ab700000|100%| E|CS|TAMS 0x00000000ab600000| PB 0x00000000ab600000| Complete 
| 153|0x00000000ab700000, 0x00000000ab800000, 0x00000000ab800000|100%| E|CS|TAMS 0x00000000ab700000| PB 0x00000000ab700000| Complete 
| 154|0x00000000ab800000, 0x00000000ab900000, 0x00000000ab900000|100%| E|CS|TAMS 0x00000000ab800000| PB 0x00000000ab800000| Complete 
| 155|0x00000000ab900000, 0x00000000aba00000, 0x00000000aba00000|100%| E|CS|TAMS 0x00000000ab900000| PB 0x00000000ab900000| Complete 
| 156|0x00000000aba00000, 0x00000000abb00000, 0x00000000abb00000|100%| E|CS|TAMS 0x00000000aba00000| PB 0x00000000aba00000| Complete 
| 157|0x00000000abb00000, 0x00000000abc00000, 0x00000000abc00000|100%| E|CS|TAMS 0x00000000abb00000| PB 0x00000000abb00000| Complete 
|1501|0x00000000ffb00000, 0x00000000ffc00000, 0x00000000ffc00000|100%| O|  |TAMS 0x00000000ffb00000| PB 0x00000000ffb00000| Untracked 
|1502|0x00000000ffc00000, 0x00000000ffd00000, 0x00000000ffd00000|100%| O|  |TAMS 0x00000000ffc00000| PB 0x00000000ffc00000| Untracked 
|1503|0x00000000ffd00000, 0x00000000ffe00000, 0x00000000ffe00000|100%| E|CS|TAMS 0x00000000ffd00000| PB 0x00000000ffd00000| Complete 
|1504|0x00000000ffe00000, 0x00000000fff00000, 0x00000000fff00000|100%| O|  |TAMS 0x00000000ffe00000| PB 0x00000000ffe00000| Untracked 
|1505|0x00000000fff00000, 0x0000000100000000, 0x0000000100000000|100%| O|  |TAMS 0x00000000fff00000| PB 0x00000000fff00000| Untracked 

Card table byte_map: [0x000001e943920000,0x000001e943c20000] _byte_map_base: 0x000001e943411000

Marking Bits: (CMBitMap*) 0x000001e92bf8d8b0
 Bits: [0x000001e943c20000, 0x000001e9453a8000)

Polling page: 0x000001e929d70000

Metaspace:

Usage:
  Non-class:     30.92 MB used.
      Class:      5.03 MB used.
       Both:     35.95 MB used.

Virtual space:
  Non-class space:       64.00 MB reserved,      31.19 MB ( 49%) committed,  1 nodes.
      Class space:        1.00 GB reserved,       5.25 MB ( <1%) committed,  1 nodes.
             Both:        1.06 GB reserved,      36.44 MB (  3%) committed. 

Chunk freelists:
   Non-Class:  15.97 MB
       Class:  10.66 MB
        Both:  26.63 MB

MaxMetaspaceSize: unlimited
CompressedClassSpaceSize: 1.00 GB
Initial GC threshold: 21.00 MB
Current GC threshold: 60.44 MB
CDS: on
 - commit_granule_bytes: 65536.
 - commit_granule_words: 8192.
 - virtual_space_node_default_size: 8388608.
 - enlarge_chunks_in_place: 1.
 - use_allocation_guard: 0.


Internal statistics:

num_allocs_failed_limit: 3.
num_arena_births: 604.
num_arena_deaths: 8.
num_vsnodes_births: 2.
num_vsnodes_deaths: 0.
num_space_committed: 583.
num_space_uncommitted: 0.
num_chunks_returned_to_freelist: 15.
num_chunks_taken_from_freelist: 1821.
num_chunk_merges: 4.
num_chunk_splits: 1154.
num_chunks_enlarged: 759.
num_inconsistent_stats: 0.

CodeHeap 'non-profiled nmethods': size=120000Kb used=3467Kb max_used=3467Kb free=116532Kb
 bounds [0x000001e93c0f0000, 0x000001e93c460000, 0x000001e943620000]
CodeHeap 'profiled nmethods': size=120000Kb used=10460Kb max_used=10460Kb free=109539Kb
 bounds [0x000001e934620000, 0x000001e935060000, 0x000001e93bb50000]
CodeHeap 'non-nmethods': size=5760Kb used=2020Kb max_used=2053Kb free=3739Kb
 bounds [0x000001e93bb50000, 0x000001e93bdc0000, 0x000001e93c0f0000]
 total_blobs=6453 nmethods=5467 adapters=889
 compilation: enabled
              stopped_count=0, restarted_count=0
 full_count=0

Compilation events (20 events):
Event: 116.867 Thread 0x000001e94786dd70 nmethod 6414 0x000001e935057090 code [0x000001e935057240, 0x000001e9350575b8]
Event: 116.867 Thread 0x000001e94786dd70 6415       3       java.util.EnumMap$Values::iterator (12 bytes)
Event: 116.868 Thread 0x000001e94786dd70 nmethod 6415 0x000001e935057710 code [0x000001e9350578c0, 0x000001e935057c08]
Event: 116.868 Thread 0x000001e94786dd70 6416       3       java.util.EnumMap$ValueIterator::<init> (11 bytes)
Event: 116.868 Thread 0x000001e94786dd70 nmethod 6416 0x000001e935057d10 code [0x000001e935057ec0, 0x000001e935058150]
Event: 116.868 Thread 0x000001e94786dd70 6417       3       java.util.EnumMap$EnumMapIterator::<init> (20 bytes)
Event: 116.868 Thread 0x000001e94786dd70 nmethod 6417 0x000001e935058210 code [0x000001e9350583a0, 0x000001e935058578]
Event: 116.869 Thread 0x000001e94786dd70 6413       3       javafx.scene.Scene$MouseHandler::clearPDREventTargets (62 bytes)
Event: 116.869 Thread 0x000001e94786dd70 nmethod 6413 0x000001e935058610 code [0x000001e935058820, 0x000001e935059010]
Event: 119.169 Thread 0x000001e94786b750 6418   !   4       java.util.concurrent.LinkedBlockingDeque::takeFirst (47 bytes)
Event: 119.227 Thread 0x000001e94786b750 nmethod 6418 0x000001e93c44d410 code [0x000001e93c44d680, 0x000001e93c44e350]
Event: 119.228 Thread 0x000001e94786b750 6419       4       com.sun.glass.ui.InvokeLaterDispatcher$Future::<init> (20 bytes)
Event: 119.233 Thread 0x000001e94786b750 nmethod 6419 0x000001e93c44e990 code [0x000001e93c44eb20, 0x000001e93c44ed80]
Event: 120.969 Thread 0x000001e94786b750 6420       4       com.sun.scenario.animation.AbstractPrimaryTimer$MainLoop::updateAnimationRunnable (61 bytes)
Event: 120.971 Thread 0x000001e94786b750 nmethod 6420 0x000001e93c44ee10 code [0x000001e93c44efa0, 0x000001e93c44f080]
Event: 121.743 Thread 0x000001e94786b750 6421       4       javafx.scene.Scene::doLayoutPass (14 bytes)
Event: 121.791 Thread 0x000001e94786b750 nmethod 6421 0x000001e93c44f190 code [0x000001e93c44f3c0, 0x000001e93c44fbd8]
Event: 124.000 Thread 0x000001e94786b750 6422   !   4       javafx.scene.Scene$ScenePulseListener::pulse (504 bytes)
Event: 124.087 Thread 0x000001e94786b750 nmethod 6422 0x000001e93c450190 code [0x000001e93c450620, 0x000001e93c451c70]
Event: 124.090 Thread 0x000001e94786b750 6423       4       com.sun.javafx.tk.quantum.QuantumToolkit$$Lambda/0x000001e94903c648::run (8 bytes)

GC Heap History (20 events):
Event: 13.565 GC heap before
{Heap before GC invocations=24 (full 0):
 garbage-first heap   total 122880K, used 107130K [0x00000000a1e00000, 0x0000000100000000)
  region size 1024K, 62 young (63488K), 9 survivors (9216K)
 Metaspace       used 35073K, committed 35584K, reserved 1114112K
  class space    used 5018K, committed 5248K, reserved 1048576K
}
Event: 13.587 GC heap after
{Heap after GC invocations=25 (full 0):
 garbage-first heap   total 125952K, used 62464K [0x00000000a1e00000, 0x0000000100000000)
  region size 1024K, 8 young (8192K), 8 survivors (8192K)
 Metaspace       used 35073K, committed 35584K, reserved 1114112K
  class space    used 5018K, committed 5248K, reserved 1048576K
}
Event: 14.098 GC heap before
{Heap before GC invocations=25 (full 0):
 garbage-first heap   total 125952K, used 108544K [0x00000000a1e00000, 0x0000000100000000)
  region size 1024K, 54 young (55296K), 8 survivors (8192K)
 Metaspace       used 35094K, committed 35584K, reserved 1114112K
  class space    used 5018K, committed 5248K, reserved 1048576K
}
Event: 14.108 GC heap after
{Heap after GC invocations=26 (full 0):
 garbage-first heap   total 125952K, used 65346K [0x00000000a1e00000, 0x0000000100000000)
  region size 1024K, 2 young (2048K), 2 survivors (2048K)
 Metaspace       used 35094K, committed 35584K, reserved 1114112K
  class space    used 5018K, committed 5248K, reserved 1048576K
}
Event: 14.411 GC heap before
{Heap before GC invocations=26 (full 0):
 garbage-first heap   total 125952K, used 111426K [0x00000000a1e00000, 0x0000000100000000)
  region size 1024K, 48 young (49152K), 2 survivors (2048K)
 Metaspace       used 35096K, committed 35584K, reserved 1114112K
  class space    used 5018K, committed 5248K, reserved 1048576K
}
Event: 14.414 GC heap after
{Heap after GC invocations=27 (full 0):
 garbage-first heap   total 155648K, used 66361K [0x00000000a1e00000, 0x0000000100000000)
  region size 1024K, 3 young (3072K), 3 survivors (3072K)
 Metaspace       used 35096K, committed 35584K, reserved 1114112K
  class space    used 5018K, committed 5248K, reserved 1048576K
}
Event: 14.682 GC heap before
{Heap before GC invocations=28 (full 0):
 garbage-first heap   total 155648K, used 134969K [0x00000000a1e00000, 0x0000000100000000)
  region size 1024K, 72 young (73728K), 3 survivors (3072K)
 Metaspace       used 35096K, committed 35584K, reserved 1114112K
  class space    used 5018K, committed 5248K, reserved 1048576K
}
Event: 14.686 GC heap after
{Heap after GC invocations=29 (full 0):
 garbage-first heap   total 155648K, used 66774K [0x00000000a1e00000, 0x0000000100000000)
  region size 1024K, 5 young (5120K), 5 survivors (5120K)
 Metaspace       used 35096K, committed 35584K, reserved 1114112K
  class space    used 5018K, committed 5248K, reserved 1048576K
}
Event: 14.788 GC heap before
{Heap before GC invocations=29 (full 0):
 garbage-first heap   total 155648K, used 139478K [0x00000000a1e00000, 0x0000000100000000)
  region size 1024K, 77 young (78848K), 5 survivors (5120K)
 Metaspace       used 35101K, committed 35584K, reserved 1114112K
  class space    used 5018K, committed 5248K, reserved 1048576K
}
Event: 14.794 GC heap after
{Heap after GC invocations=30 (full 0):
 garbage-first heap   total 155648K, used 54589K [0x00000000a1e00000, 0x0000000100000000)
  region size 1024K, 7 young (7168K), 7 survivors (7168K)
 Metaspace       used 35101K, committed 35584K, reserved 1114112K
  class space    used 5018K, committed 5248K, reserved 1048576K
}
Event: 14.935 GC heap before
{Heap before GC invocations=30 (full 0):
 garbage-first heap   total 155648K, used 137533K [0x00000000a1e00000, 0x0000000100000000)
  region size 1024K, 89 young (91136K), 7 survivors (7168K)
 Metaspace       used 35101K, committed 35584K, reserved 1114112K
  class space    used 5018K, committed 5248K, reserved 1048576K
}
Event: 14.941 GC heap after
{Heap after GC invocations=31 (full 0):
 garbage-first heap   total 155648K, used 57393K [0x00000000a1e00000, 0x0000000100000000)
  region size 1024K, 9 young (9216K), 9 survivors (9216K)
 Metaspace       used 35101K, committed 35584K, reserved 1114112K
  class space    used 5018K, committed 5248K, reserved 1048576K
}
Event: 15.263 GC heap before
{Heap before GC invocations=31 (full 0):
 garbage-first heap   total 155648K, used 135217K [0x00000000a1e00000, 0x0000000100000000)
  region size 1024K, 86 young (88064K), 9 survivors (9216K)
 Metaspace       used 35109K, committed 35584K, reserved 1114112K
  class space    used 5018K, committed 5248K, reserved 1048576K
}
Event: 15.276 GC heap after
{Heap after GC invocations=32 (full 0):
 garbage-first heap   total 155648K, used 59622K [0x00000000a1e00000, 0x0000000100000000)
  region size 1024K, 8 young (8192K), 8 survivors (8192K)
 Metaspace       used 35109K, committed 35584K, reserved 1114112K
  class space    used 5018K, committed 5248K, reserved 1048576K
}
Event: 16.173 GC heap before
{Heap before GC invocations=33 (full 0):
 garbage-first heap   total 155648K, used 136422K [0x00000000a1e00000, 0x0000000100000000)
  region size 1024K, 84 young (86016K), 8 survivors (8192K)
 Metaspace       used 35387K, committed 35840K, reserved 1114112K
  class space    used 5032K, committed 5248K, reserved 1048576K
}
Event: 16.186 GC heap after
{Heap after GC invocations=34 (full 0):
 garbage-first heap   total 155648K, used 59514K [0x00000000a1e00000, 0x0000000100000000)
  region size 1024K, 7 young (7168K), 7 survivors (7168K)
 Metaspace       used 35387K, committed 35840K, reserved 1114112K
  class space    used 5032K, committed 5248K, reserved 1048576K
}
Event: 24.013 GC heap before
{Heap before GC invocations=34 (full 0):
 garbage-first heap   total 155648K, used 153722K [0x00000000a1e00000, 0x0000000100000000)
  region size 1024K, 46 young (47104K), 7 survivors (7168K)
 Metaspace       used 36042K, committed 36544K, reserved 1114112K
  class space    used 5101K, committed 5312K, reserved 1048576K
}
Event: 24.038 GC heap after
{Heap after GC invocations=35 (full 0):
 garbage-first heap   total 166912K, used 60505K [0x00000000a1e00000, 0x0000000100000000)
  region size 1024K, 9 young (9216K), 9 survivors (9216K)
 Metaspace       used 36042K, committed 36544K, reserved 1114112K
  class space    used 5101K, committed 5312K, reserved 1048576K
}
Event: 28.593 GC heap before
{Heap before GC invocations=35 (full 0):
 garbage-first heap   total 166912K, used 62553K [0x00000000a1e00000, 0x0000000100000000)
  region size 1024K, 12 young (12288K), 9 survivors (9216K)
 Metaspace       used 36561K, committed 37056K, reserved 1114112K
  class space    used 5138K, committed 5376K, reserved 1048576K
}
Event: 28.602 GC heap after
{Heap after GC invocations=36 (full 0):
 garbage-first heap   total 166912K, used 60884K [0x00000000a1e00000, 0x0000000100000000)
  region size 1024K, 4 young (4096K), 4 survivors (4096K)
 Metaspace       used 36561K, committed 37056K, reserved 1114112K
  class space    used 5138K, committed 5376K, reserved 1048576K
}

Dll operation events (20 events):
Event: 0.880 Loaded shared library C:\Users\WINDOWS 11\.openjfx\cache\21.0.3+2\amd64\api-ms-win-crt-runtime-l1-1-0.dll
Event: 0.888 Loaded shared library C:\Users\WINDOWS 11\.openjfx\cache\21.0.3+2\amd64\api-ms-win-crt-stdio-l1-1-0.dll
Event: 0.894 Loaded shared library C:\Users\WINDOWS 11\.openjfx\cache\21.0.3+2\amd64\api-ms-win-crt-string-l1-1-0.dll
Event: 0.902 Loaded shared library C:\Users\WINDOWS 11\.openjfx\cache\21.0.3+2\amd64\api-ms-win-crt-time-l1-1-0.dll
Event: 0.910 Loaded shared library C:\Users\WINDOWS 11\.openjfx\cache\21.0.3+2\amd64\api-ms-win-crt-utility-l1-1-0.dll
Event: 0.933 Loaded shared library C:\Users\WINDOWS 11\.openjfx\cache\21.0.3+2\amd64\ucrtbase.dll
Event: 0.941 Loaded shared library C:\Users\WINDOWS 11\.openjfx\cache\21.0.3+2\amd64\vcruntime140.dll
Event: 0.948 Loaded shared library C:\Users\WINDOWS 11\.openjfx\cache\21.0.3+2\amd64\vcruntime140_1.dll
Event: 0.962 Loaded shared library C:\Users\WINDOWS 11\.openjfx\cache\21.0.3+2\amd64\msvcp140.dll
Event: 0.969 Loaded shared library C:\Users\WINDOWS 11\.openjfx\cache\21.0.3+2\amd64\msvcp140_1.dll
Event: 0.979 Loaded shared library C:\Users\WINDOWS 11\.openjfx\cache\21.0.3+2\amd64\msvcp140_2.dll
Event: 1.053 Loaded shared library C:\Users\WINDOWS 11\.openjfx\cache\21.0.3+2\amd64\prism_d3d.dll
Event: 1.168 Loaded shared library C:\Users\WINDOWS 11\.openjfx\cache\21.0.3+2\amd64\glass.dll
Event: 1.623 Loaded shared library C:\Users\WINDOWS 11\.openjfx\cache\21.0.3+2\amd64\javafx_font.dll
Event: 2.762 Loaded shared library C:\Program Files\Greenfoot\jdk\bin\sunmscapi.dll
Event: 3.463 Loaded shared library C:\Program Files\Greenfoot\jdk\bin\extnet.dll
Event: 4.254 Loaded shared library C:\Program Files\Greenfoot\jdk\bin\dt_shmem.dll
Event: 4.761 Loaded shared library C:\Program Files\Greenfoot\jdk\bin\jsound.dll
Event: 7.206 Loaded shared library C:\Program Files\Greenfoot\jdk\bin\management.dll
Event: 7.237 Loaded shared library C:\Program Files\Greenfoot\jdk\bin\management_ext.dll

Deoptimization events (20 events):
Event: 27.708 Thread 0x000001e98d3ca180 DEOPT PACKING pc=0x000001e93c128bb4 sp=0x0000002da38fdc10
Event: 27.708 Thread 0x000001e98d3ca180 DEOPT UNPACKING pc=0x000001e93bba46a2 sp=0x0000002da38fdba0 mode 2
Event: 30.446 Thread 0x000001e98d3ca180 DEOPT PACKING pc=0x000001e934fcd521 sp=0x0000002da38fdba0
Event: 30.446 Thread 0x000001e98d3ca180 DEOPT UNPACKING pc=0x000001e93bba4e42 sp=0x0000002da38fd048 mode 0
Event: 30.449 Thread 0x000001e98d3ca180 Uncommon trap: trap_request=0xffffff45 fr.pc=0x000001e93c41e70c relative=0x00000000000008cc
Event: 30.449 Thread 0x000001e98d3ca180 Uncommon trap: reason=unstable_if action=reinterpret pc=0x000001e93c41e70c method=com.sun.javafx.image.impl.IntArgb$ToByteBgraPreConv.doConvert(Ljava/nio/IntBuffer;IILjava/nio/ByteBuffer;IIII)V @ 24 c2
Event: 30.449 Thread 0x000001e98d3ca180 DEOPT PACKING pc=0x000001e93c41e70c sp=0x0000002da38fdb70
Event: 30.449 Thread 0x000001e98d3ca180 DEOPT UNPACKING pc=0x000001e93bba46a2 sp=0x0000002da38fdb48 mode 2
Event: 30.477 Thread 0x000001e98d3ca180 Uncommon trap: trap_request=0xffffff6e fr.pc=0x000001e93c324890 relative=0x00000000000004f0
Event: 30.477 Thread 0x000001e98d3ca180 Uncommon trap: reason=loop_limit_check action=maybe_recompile pc=0x000001e93c324890 method=com.sun.javafx.image.impl.IntArgb$ToByteBgraPreConv.doConvert(Ljava/nio/IntBuffer;IILjava/nio/ByteBuffer;IIII)V @ 14 c2
Event: 30.477 Thread 0x000001e98d3ca180 DEOPT PACKING pc=0x000001e93c324890 sp=0x0000002da38fdbb0
Event: 30.477 Thread 0x000001e98d3ca180 DEOPT UNPACKING pc=0x000001e93bba46a2 sp=0x0000002da38fdb50 mode 2
Event: 109.631 Thread 0x000001e98d3ca180 Uncommon trap: trap_request=0xffffffde fr.pc=0x000001e93c33eeac relative=0x000000000000010c
Event: 109.632 Thread 0x000001e98d3ca180 Uncommon trap: reason=class_check action=maybe_recompile pc=0x000001e93c33eeac method=java.util.EnumMap.get(Ljava/lang/Object;)Ljava/lang/Object; @ 14 c2
Event: 109.633 Thread 0x000001e98d3ca180 DEOPT PACKING pc=0x000001e93c33eeac sp=0x0000002da38fdc40
Event: 109.634 Thread 0x000001e98d3ca180 DEOPT UNPACKING pc=0x000001e93bba46a2 sp=0x0000002da38fdbe0 mode 2
Event: 115.063 Thread 0x000001e98d3ca180 Uncommon trap: trap_request=0xffffff6e fr.pc=0x000001e93c44706c relative=0x000000000000020c
Event: 115.063 Thread 0x000001e98d3ca180 Uncommon trap: reason=loop_limit_check action=maybe_recompile pc=0x000001e93c44706c method=javafx.scene.Parent.pickChildrenNode(Lcom/sun/javafx/geom/PickRay;Lcom/sun/javafx/scene/input/PickResultChooser;)Z @ 17 c2
Event: 115.063 Thread 0x000001e98d3ca180 DEOPT PACKING pc=0x000001e93c44706c sp=0x0000002da38fd4f0
Event: 115.063 Thread 0x000001e98d3ca180 DEOPT UNPACKING pc=0x000001e93bba46a2 sp=0x0000002da38fd2a0 mode 2

Classes loaded (20 events):
Event: 16.751 Loading class java/lang/StringTemplate
Event: 16.752 Loading class java/lang/StringTemplate done
Event: 16.784 Loading class java/util/stream/Node$Builder$OfDouble
Event: 16.784 Loading class java/util/stream/Node$Builder$OfDouble done
Event: 16.795 Loading class java/util/stream/Node$Builder$OfLong
Event: 16.795 Loading class java/util/stream/Sink$OfLong
Event: 16.795 Loading class java/util/stream/Sink$OfLong done
Event: 16.795 Loading class java/util/stream/Node$Builder$OfLong done
Event: 17.009 Loading class java/util/concurrent/StructuredTaskScope$Subtask$State
Event: 17.009 Loading class java/util/concurrent/StructuredTaskScope$Subtask$State done
Event: 17.010 Loading class java/util/concurrent/StructuredTaskScope$Subtask
Event: 17.010 Loading class java/util/concurrent/StructuredTaskScope$Subtask done
Event: 17.010 Loading class java/util/concurrent/StructuredTaskScope
Event: 17.010 Loading class java/util/concurrent/StructuredTaskScope done
Event: 28.145 Loading class java/io/ObjectInput
Event: 28.145 Loading class java/io/ObjectInput done
Event: 28.145 Loading class java/io/ObjectOutput
Event: 28.145 Loading class java/io/ObjectOutput done
Event: 28.590 Loading class java/nio/DirectIntBufferRS
Event: 28.590 Loading class java/nio/DirectIntBufferRS done

Classes unloaded (4 events):
Event: 9.538 Thread 0x000001e94782c4d0 Unloading class 0x000001e949319c00 'java/lang/invoke/LambdaForm$MH+0x000001e949319c00'
Event: 9.538 Thread 0x000001e94782c4d0 Unloading class 0x000001e949319400 'java/lang/invoke/LambdaForm$MH+0x000001e949319400'
Event: 9.538 Thread 0x000001e94782c4d0 Unloading class 0x000001e949319000 'java/lang/invoke/LambdaForm$MH+0x000001e949319000'
Event: 9.538 Thread 0x000001e94782c4d0 Unloading class 0x000001e949318800 'java/lang/invoke/LambdaForm$MH+0x000001e949318800'

Classes redefined (0 events):
No events

Internal exceptions (20 events):
Event: 12.630 Thread 0x000001e9935f6fb0 Exception <a 'java/lang/ClassNotFoundException'{0x00000000a54bac50}: sun/net/www/protocol/c/Handler> (0x00000000a54bac50) 
thrown [s\src\hotspot\share\classfile\systemDictionary.cpp, line 312]
Event: 12.630 Thread 0x000001e9935f6fb0 Exception <a 'java/lang/ClassNotFoundException'{0x00000000a54be440}: sun/net/www/protocol/c/Handler> (0x00000000a54be440) 
thrown [s\src\hotspot\share\classfile\systemDictionary.cpp, line 312]
Event: 12.630 Thread 0x000001e9935f6fb0 Exception <a 'java/lang/ClassNotFoundException'{0x00000000a54c04b8}: sun/net/www/protocol/c/Handler> (0x00000000a54c04b8) 
thrown [s\src\hotspot\share\classfile\systemDictionary.cpp, line 312]
Event: 12.631 Thread 0x000001e9935f6fb0 Exception <a 'java/lang/ClassNotFoundException'{0x00000000a54c2500}: sun/net/www/protocol/c/Handler> (0x00000000a54c2500) 
thrown [s\src\hotspot\share\classfile\systemDictionary.cpp, line 312]
Event: 13.542 Thread 0x000001e9977a69c0 Exception <a 'java/lang/IncompatibleClassChangeError'{0x00000000a6ab4860}: Found class java.lang.Object, but interface was expected> (0x00000000a6ab4860) 
thrown [s\src\hotspot\share\interpreter\linkResolver.cpp, line 840]
Event: 15.976 Thread 0x000001e9935f6fb0 Exception <a 'java/lang/NoClassDefFoundError'{0x00000000a670ffe0}: org/apache/xerces/parsers/SAXParser> (0x00000000a670ffe0) 
thrown [s\src\hotspot\share\oops\constantPool.cpp, line 873]
Event: 16.679 Thread 0x000001e9935f5c00 Exception <a 'java/lang/NoSuchMethodError'{0x00000000aa2681e8}: 'java.lang.Object java.lang.invoke.DirectMethodHandle$Holder.newInvokeSpecial(java.lang.Object, java.lang.Object, java.lang.Object, java.lang.Object, java.lang.Object, java.lang.Object)'> (0x00000000aa2681e8) 
thrown [s\src\hotspot\share\interpreter\linkResolver.cpp, line 773]
Event: 20.593 Thread 0x000001e9977a7d70 Exception <a 'java/lang/NoSuchMethodError'{0x00000000a99135d0}: 'java.lang.Object java.lang.invoke.DirectMethodHandle$Holder.newInvokeSpecial(java.lang.Object, java.lang.Object, java.lang.Object, int)'> (0x00000000a99135d0) 
thrown [s\src\hotspot\share\interpreter\linkResolver.cpp, line 773]
Event: 20.607 Thread 0x000001e9977a7d70 Exception <a 'java/lang/NoSuchMethodError'{0x00000000a9918278}: 'java.lang.Object java.lang.invoke.DirectMethodHandle$Holder.invokeSpecial(java.lang.Object, java.lang.Object, java.lang.Object, java.lang.Object, int)'> (0x00000000a9918278) 
thrown [s\src\hotspot\share\interpreter\linkResolver.cpp, line 773]
Event: 20.607 Thread 0x000001e9977a7d70 Exception <a 'java/lang/NoSuchMethodError'{0x00000000a991ff98}: 'java.lang.Object java.lang.invoke.Invokers$Holder.linkToTargetMethod(java.lang.Object, java.lang.Object, int, java.lang.Object)'> (0x00000000a991ff98) 
thrown [s\src\hotspot\share\interpreter\linkResolver.cpp, line 773]
Event: 20.676 Thread 0x000001e98d3ca180 Exception <a 'java/lang/NoSuchMethodError'{0x00000000a99a2958}: 'java.lang.Object java.lang.invoke.DirectMethodHandle$Holder.newInvokeSpecial(java.lang.Object, java.lang.Object, long, int)'> (0x00000000a99a2958) 
thrown [s\src\hotspot\share\interpreter\linkResolver.cpp, line 773]
Event: 20.677 Thread 0x000001e98d3ca180 Exception <a 'java/lang/NoSuchMethodError'{0x00000000a99a8ad8}: 'java.lang.Object java.lang.invoke.DirectMethodHandle$Holder.invokeSpecial(java.lang.Object, java.lang.Object, java.lang.Object, long, int)'> (0x00000000a99a8ad8) 
thrown [s\src\hotspot\share\interpreter\linkResolver.cpp, line 773]
Event: 20.677 Thread 0x000001e98d3ca180 Exception <a 'java/lang/NoSuchMethodError'{0x00000000a99acea8}: 'java.lang.Object java.lang.invoke.Invokers$Holder.linkToTargetMethod(java.lang.Object, long, int, java.lang.Object)'> (0x00000000a99acea8) 
thrown [s\src\hotspot\share\interpreter\linkResolver.cpp, line 773]
Event: 27.608 Thread 0x000001e98d3ca180 Exception <a 'java/lang/NoSuchMethodError'{0x00000000ffd46d60}: 'java.lang.Object java.lang.invoke.DirectMethodHandle$Holder.newInvokeSpecial(java.lang.Object, java.lang.Object, java.lang.Object, java.lang.Object, int)'> (0x00000000ffd46d60) 
thrown [s\src\hotspot\share\interpreter\linkResolver.cpp, line 773]
Event: 27.609 Thread 0x000001e98d3ca180 Exception <a 'java/lang/NoSuchMethodError'{0x00000000ffd4ae58}: 'java.lang.Object java.lang.invoke.DirectMethodHandle$Holder.invokeSpecial(java.lang.Object, java.lang.Object, java.lang.Object, java.lang.Object, java.lang.Object, int)'> (0x00000000ffd4ae58) 
thrown [s\src\hotspot\share\interpreter\linkResolver.cpp, line 773]
Event: 27.610 Thread 0x000001e98d3ca180 Exception <a 'java/lang/NoSuchMethodError'{0x00000000ffd4e8c8}: 'java.lang.Object java.lang.invoke.Invokers$Holder.linkToTargetMethod(java.lang.Object, java.lang.Object, java.lang.Object, int, java.lang.Object)'> (0x00000000ffd4e8c8) 
thrown [s\src\hotspot\share\interpreter\linkResolver.cpp, line 773]
Event: 28.140 Thread 0x000001e98d3ca180 Exception <a 'java/lang/NoSuchMethodError'{0x00000000ab152400}: 'java.lang.Object java.lang.invoke.DirectMethodHandle$Holder.newInvokeSpecial(java.lang.Object, java.lang.Object, int, int, int, int, int, java.lang.Object)'> (0x00000000ab152400) 
thrown [s\src\hotspot\share\interpreter\linkResolver.cpp, line 773]
Event: 28.142 Thread 0x000001e98d3ca180 Exception <a 'java/lang/NoSuchMethodError'{0x00000000ab1649e8}: 'java.lang.Object java.lang.invoke.DirectMethodHandle$Holder.newInvokeSpecial(java.lang.Object, java.lang.Object, java.lang.Object, int, int, int, int, java.lang.Object)'> (0x00000000ab1649e8) 
thrown [s\src\hotspot\share\interpreter\linkResolver.cpp, line 773]
Event: 28.216 Thread 0x000001e98d3ca180 Exception <a 'java/lang/NoSuchMethodError'{0x00000000ab196ac0}: 'java.lang.Object java.lang.invoke.DirectMethodHandle$Holder.invokeSpecial(java.lang.Object, java.lang.Object, int, int, int, int, java.lang.Object)'> (0x00000000ab196ac0) 
thrown [s\src\hotspot\share\interpreter\linkResolver.cpp, line 773]
Event: 28.217 Thread 0x000001e98d3ca180 Exception <a 'java/lang/NoSuchMethodError'{0x00000000ab19d7f0}: 'java.lang.Object java.lang.invoke.DirectMethodHandle$Holder.newInvokeSpecial(java.lang.Object, java.lang.Object, int, int, int, int, java.lang.Object)'> (0x00000000ab19d7f0) 
thrown [s\src\hotspot\share\interpreter\linkResolver.cpp, line 773]

ZGC Phase Switch (0 events):
No events

VM Operations (20 events):
Event: 111.889 Executing VM operation: Cleanup
Event: 111.889 Executing VM operation: Cleanup done
Event: 112.889 Executing VM operation: Cleanup
Event: 112.889 Executing VM operation: Cleanup done
Event: 113.890 Executing VM operation: Cleanup
Event: 113.890 Executing VM operation: Cleanup done
Event: 114.890 Executing VM operation: Cleanup
Event: 114.891 Executing VM operation: Cleanup done
Event: 115.891 Executing VM operation: Cleanup
Event: 115.891 Executing VM operation: Cleanup done
Event: 116.891 Executing VM operation: Cleanup
Event: 116.891 Executing VM operation: Cleanup done
Event: 118.892 Executing VM operation: Cleanup
Event: 118.895 Executing VM operation: Cleanup done
Event: 120.302 Executing VM operation: HandshakeAllThreads (HandshakeForDeflation)
Event: 120.302 Executing VM operation: HandshakeAllThreads (HandshakeForDeflation) done
Event: 120.302 Executing VM operation: RendezvousGCThreads
Event: 120.302 Executing VM operation: RendezvousGCThreads done
Event: 123.375 Executing VM operation: Cleanup
Event: 123.375 Executing VM operation: Cleanup done

Memory protections (0 events):
No events

Nmethod flushes (20 events):
Event: 28.707 Thread 0x000001e94782c4d0 flushing  nmethod 0x000001e93470ab10
Event: 28.707 Thread 0x000001e94782c4d0 flushing  nmethod 0x000001e93480c810
Event: 28.707 Thread 0x000001e94782c4d0 flushing  nmethod 0x000001e9349e8010
Event: 28.707 Thread 0x000001e94782c4d0 flushing  nmethod 0x000001e93c3b6e10
Event: 28.707 Thread 0x000001e94782c4d0 flushing  nmethod 0x000001e934674e10
Event: 28.707 Thread 0x000001e94782c4d0 flushing  nmethod 0x000001e934837a10
Event: 28.707 Thread 0x000001e94782c4d0 flushing  nmethod 0x000001e934b3f590
Event: 28.707 Thread 0x000001e94782c4d0 flushing  nmethod 0x000001e934b5dc90
Event: 28.707 Thread 0x000001e94782c4d0 flushing  nmethod 0x000001e934c68710
Event: 28.707 Thread 0x000001e94782c4d0 flushing  nmethod 0x000001e934cacf10
Event: 28.707 Thread 0x000001e94782c4d0 flushing  nmethod 0x000001e934ccf310
Event: 28.707 Thread 0x000001e94782c4d0 flushing  nmethod 0x000001e934cd4b90
Event: 28.707 Thread 0x000001e94782c4d0 flushing  nmethod 0x000001e934cd5a90
Event: 28.707 Thread 0x000001e94782c4d0 flushing  nmethod 0x000001e934f02690
Event: 28.707 Thread 0x000001e94782c4d0 flushing  nmethod 0x000001e934f04d10
Event: 28.707 Thread 0x000001e94782c4d0 flushing  nmethod 0x000001e934f05510
Event: 28.707 Thread 0x000001e94782c4d0 flushing  nmethod 0x000001e934f89290
Event: 28.707 Thread 0x000001e94782c4d0 flushing  nmethod 0x000001e934f89d10
Event: 28.707 Thread 0x000001e94782c4d0 flushing  nmethod 0x000001e934f90790
Event: 28.707 Thread 0x000001e94782c4d0 flushing  nmethod 0x000001e934f90f90

Events (20 events):
Event: 9.441 Thread 0x000001e94786dd70 Thread added: 0x000001e9934bc250
Event: 10.821 Thread 0x000001e9934bc250 Thread exited: 0x000001e9934bc250
Event: 11.864 Thread 0x000001e94786b750 Thread added: 0x000001e9934bf200
Event: 12.406 Thread 0x000001e9977a69c0 Thread exited: 0x000001e9977a69c0
Event: 12.406 Thread 0x000001e9977a97b0 Thread exited: 0x000001e9977a97b0
Event: 12.407 Thread 0x000001e9977a9e40 Thread exited: 0x000001e9977a9e40
Event: 12.611 Thread 0x000001e9935f6290 Thread exited: 0x000001e9935f6290
Event: 12.635 Thread 0x000001e9935f6fb0 Thread added: 0x000001e9977a9e40
Event: 12.639 Thread 0x000001e9977a9e40 Thread added: 0x000001e9977a97b0
Event: 12.639 Thread 0x000001e9977a9e40 Thread added: 0x000001e9977a69c0
Event: 14.669 Thread 0x000001e9935f8360 Thread exited: 0x000001e9935f8360
Event: 15.844 Thread 0x000001e9977a69c0 Thread exited: 0x000001e9977a69c0
Event: 15.844 Thread 0x000001e9977a97b0 Thread exited: 0x000001e9977a97b0
Event: 15.929 Thread 0x000001e9977a9e40 Thread exited: 0x000001e9977a9e40
Event: 16.548 Thread 0x000001e98d3ca180 Thread added: 0x000001e9977a97b0
Event: 16.675 Thread 0x000001e9935f6fb0 Thread exited: 0x000001e9935f6fb0
Event: 16.941 Thread 0x000001e9977a97b0 Thread exited: 0x000001e9977a97b0
Event: 17.197 Thread 0x000001e9934bf200 Thread exited: 0x000001e9934bf200
Event: 23.394 Thread 0x000001e94786dd70 Thread added: 0x000001e9934bc920
Event: 23.527 Thread 0x000001e9934bc920 Thread exited: 0x000001e9934bc920


Dynamic libraries:
0x00007ff7d8a10000 - 0x00007ff7d8a1e000 	C:\Program Files\Greenfoot\jdk\bin\javaw.exe
0x00007ffa03480000 - 0x00007ffa036e7000 	C:\WINDOWS\SYSTEM32\ntdll.dll
0x00007ffa01930000 - 0x00007ffa019f9000 	C:\WINDOWS\System32\KERNEL32.DLL
0x00007ff9fffe0000 - 0x00007ffa003d7000 	C:\WINDOWS\System32\KERNELBASE.dll
0x00007ffa00f70000 - 0x00007ffa010bb000 	C:\WINDOWS\System32\ucrtbase.dll
0x00007ff9ecfa0000 - 0x00007ff9ecfb8000 	C:\Program Files\Greenfoot\jdk\bin\jli.dll
0x00007ff9fb4c0000 - 0x00007ff9fb4db000 	C:\Program Files\Greenfoot\jdk\bin\VCRUNTIME140.dll
0x00007ffa01450000 - 0x00007ffa01616000 	C:\WINDOWS\System32\USER32.dll
0x00007ff9efde0000 - 0x00007ff9f0072000 	C:\WINDOWS\WinSxS\amd64_microsoft.windows.common-controls_6595b64144ccf1df_6.0.26100.8457_none_3e0b2faee331e92d\COMCTL32.dll
0x00007ffa00dd0000 - 0x00007ffa00df7000 	C:\WINDOWS\System32\win32u.dll
0x00007ffa01320000 - 0x00007ffa013c9000 	C:\WINDOWS\System32\msvcrt.dll
0x00007ffa031c0000 - 0x00007ffa031eb000 	C:\WINDOWS\System32\GDI32.dll
0x00007ff9ffeb0000 - 0x00007ff9fffdc000 	C:\WINDOWS\System32\gdi32full.dll
0x00007ffa00e00000 - 0x00007ffa00ea3000 	C:\WINDOWS\System32\msvcp_win.dll
0x00007ffa01a10000 - 0x00007ffa01a42000 	C:\WINDOWS\System32\IMM32.DLL
0x00007ff9fb5d0000 - 0x00007ff9fb5dc000 	C:\Program Files\Greenfoot\jdk\bin\vcruntime140_1.dll
0x00007ff9e0e50000 - 0x00007ff9e0ede000 	C:\Program Files\Greenfoot\jdk\bin\msvcp140.dll
0x00007ff9499e0000 - 0x00007ff94a768000 	C:\Program Files\Greenfoot\jdk\bin\server\jvm.dll
0x00007ffa03100000 - 0x00007ffa031b6000 	C:\WINDOWS\System32\ADVAPI32.dll
0x00007ffa031f0000 - 0x00007ffa03297000 	C:\WINDOWS\System32\sechost.dll
0x00007ffa01620000 - 0x00007ffa01738000 	C:\WINDOWS\System32\RPCRT4.dll
0x00007ffa02920000 - 0x00007ffa029a0000 	C:\WINDOWS\System32\WS2_32.dll
0x00007ff9ffd10000 - 0x00007ff9ffd6e000 	C:\WINDOWS\SYSTEM32\POWRPROF.dll
0x00007ff9f9b40000 - 0x00007ff9f9b4b000 	C:\WINDOWS\SYSTEM32\VERSION.dll
0x00007ff9f9b00000 - 0x00007ff9f9b36000 	C:\WINDOWS\SYSTEM32\WINMM.dll
0x00007ff9ffcf0000 - 0x00007ff9ffd04000 	C:\WINDOWS\SYSTEM32\UMPDC.dll
0x00007ff9fec40000 - 0x00007ff9fec5b000 	C:\WINDOWS\SYSTEM32\kernel.appcore.dll
0x00007ff9f0ec0000 - 0x00007ff9f0eca000 	C:\Program Files\Greenfoot\jdk\bin\jimage.dll
0x00007ff9ef250000 - 0x00007ff9ef492000 	C:\WINDOWS\SYSTEM32\DBGHELP.DLL
0x00007ffa02bf0000 - 0x00007ffa02f73000 	C:\WINDOWS\System32\combase.dll
0x00007ffa020c0000 - 0x00007ffa02199000 	C:\WINDOWS\System32\OLEAUT32.dll
0x00007ff9e4dd0000 - 0x00007ff9e4e0b000 	C:\WINDOWS\SYSTEM32\dbgcore.DLL
0x00007ffa010c0000 - 0x00007ffa01168000 	C:\WINDOWS\System32\bcryptPrimitives.dll
0x00007ff9e5970000 - 0x00007ff9e598f000 	C:\Program Files\Greenfoot\jdk\bin\java.dll
0x00007ffa021a0000 - 0x00007ffa0290e000 	C:\WINDOWS\System32\SHELL32.dll
0x00007ffa00560000 - 0x00007ffa00dcc000 	C:\WINDOWS\System32\windows.storage.dll
0x00007ffa01a50000 - 0x00007ffa01b46000 	C:\WINDOWS\System32\SHCORE.dll
0x00007ffa03010000 - 0x00007ffa03076000 	C:\WINDOWS\System32\shlwapi.dll
0x00007ff9ffdd0000 - 0x00007ff9ffdf9000 	C:\WINDOWS\SYSTEM32\profapi.dll
0x00007ff9e09a0000 - 0x00007ff9e0a77000 	C:\Program Files\Greenfoot\jdk\bin\jsvml.dll
0x00007ff9f00a0000 - 0x00007ff9f00b0000 	C:\Program Files\Greenfoot\jdk\bin\net.dll
0x00007ff9f6020000 - 0x00007ff9f6149000 	C:\WINDOWS\SYSTEM32\WINHTTP.dll
0x00007ff9ff1b0000 - 0x00007ff9ff21c000 	C:\WINDOWS\system32\mswsock.dll
0x00007ff9e1c20000 - 0x00007ff9e1c36000 	C:\Program Files\Greenfoot\jdk\bin\nio.dll
0x00007ff9e1c00000 - 0x00007ff9e1c18000 	C:\Program Files\Greenfoot\jdk\bin\zip.dll
0x000001e92beb0000 - 0x000001e92beb3000 	C:\Users\WINDOWS 11\.openjfx\cache\21.0.3+2\amd64\api-ms-win-core-console-l1-1-0.dll
0x000001e92bec0000 - 0x000001e92bec3000 	C:\Users\WINDOWS 11\.openjfx\cache\21.0.3+2\amd64\api-ms-win-core-console-l1-2-0.dll
0x000001e92bed0000 - 0x000001e92bed3000 	C:\Users\WINDOWS 11\.openjfx\cache\21.0.3+2\amd64\api-ms-win-core-datetime-l1-1-0.dll
0x000001e92bee0000 - 0x000001e92bee3000 	C:\Users\WINDOWS 11\.openjfx\cache\21.0.3+2\amd64\api-ms-win-core-debug-l1-1-0.dll
0x000001e92bef0000 - 0x000001e92bef3000 	C:\Users\WINDOWS 11\.openjfx\cache\21.0.3+2\amd64\api-ms-win-core-errorhandling-l1-1-0.dll
0x000001e92bf00000 - 0x000001e92bf04000 	C:\Users\WINDOWS 11\.openjfx\cache\21.0.3+2\amd64\api-ms-win-core-file-l1-1-0.dll
0x000001e947fa0000 - 0x000001e947fa3000 	C:\Users\WINDOWS 11\.openjfx\cache\21.0.3+2\amd64\api-ms-win-core-file-l1-2-0.dll
0x000001e947fb0000 - 0x000001e947fb3000 	C:\Users\WINDOWS 11\.openjfx\cache\21.0.3+2\amd64\api-ms-win-core-file-l2-1-0.dll
0x000001e947fc0000 - 0x000001e947fc3000 	C:\Users\WINDOWS 11\.openjfx\cache\21.0.3+2\amd64\api-ms-win-core-handle-l1-1-0.dll
0x000001e947fd0000 - 0x000001e947fd3000 	C:\Users\WINDOWS 11\.openjfx\cache\21.0.3+2\amd64\api-ms-win-core-heap-l1-1-0.dll
0x000001e947fe0000 - 0x000001e947fe3000 	C:\Users\WINDOWS 11\.openjfx\cache\21.0.3+2\amd64\api-ms-win-core-interlocked-l1-1-0.dll
0x000001e947ff0000 - 0x000001e947ff3000 	C:\Users\WINDOWS 11\.openjfx\cache\21.0.3+2\amd64\api-ms-win-core-libraryloader-l1-1-0.dll
0x000001e98d800000 - 0x000001e98d803000 	C:\Users\WINDOWS 11\.openjfx\cache\21.0.3+2\amd64\api-ms-win-core-localization-l1-2-0.dll
0x000001e98d810000 - 0x000001e98d813000 	C:\Users\WINDOWS 11\.openjfx\cache\21.0.3+2\amd64\api-ms-win-core-memory-l1-1-0.dll
0x000001e98d820000 - 0x000001e98d823000 	C:\Users\WINDOWS 11\.openjfx\cache\21.0.3+2\amd64\api-ms-win-core-namedpipe-l1-1-0.dll
0x000001e98d830000 - 0x000001e98d833000 	C:\Users\WINDOWS 11\.openjfx\cache\21.0.3+2\amd64\api-ms-win-core-processenvironment-l1-1-0.dll
0x000001e98d840000 - 0x000001e98d843000 	C:\Users\WINDOWS 11\.openjfx\cache\21.0.3+2\amd64\api-ms-win-core-processthreads-l1-1-0.dll
0x000001e98d850000 - 0x000001e98d853000 	C:\Users\WINDOWS 11\.openjfx\cache\21.0.3+2\amd64\api-ms-win-core-processthreads-l1-1-1.dll
0x000001e98d860000 - 0x000001e98d863000 	C:\Users\WINDOWS 11\.openjfx\cache\21.0.3+2\amd64\api-ms-win-core-profile-l1-1-0.dll
0x000001e98d870000 - 0x000001e98d873000 	C:\Users\WINDOWS 11\.openjfx\cache\21.0.3+2\amd64\api-ms-win-core-rtlsupport-l1-1-0.dll
0x000001e98d880000 - 0x000001e98d883000 	C:\Users\WINDOWS 11\.openjfx\cache\21.0.3+2\amd64\api-ms-win-core-string-l1-1-0.dll
0x000001e98d890000 - 0x000001e98d893000 	C:\Users\WINDOWS 11\.openjfx\cache\21.0.3+2\amd64\api-ms-win-core-synch-l1-1-0.dll
0x000001e98d8a0000 - 0x000001e98d8a3000 	C:\Users\WINDOWS 11\.openjfx\cache\21.0.3+2\amd64\api-ms-win-core-synch-l1-2-0.dll
0x000001e98d8b0000 - 0x000001e98d8b3000 	C:\Users\WINDOWS 11\.openjfx\cache\21.0.3+2\amd64\api-ms-win-core-sysinfo-l1-1-0.dll
0x000001e98d8c0000 - 0x000001e98d8c3000 	C:\Users\WINDOWS 11\.openjfx\cache\21.0.3+2\amd64\api-ms-win-core-timezone-l1-1-0.dll
0x000001e98d8d0000 - 0x000001e98d8d3000 	C:\Users\WINDOWS 11\.openjfx\cache\21.0.3+2\amd64\api-ms-win-core-util-l1-1-0.dll
0x000001e98d8e0000 - 0x000001e98d8e3000 	C:\Users\WINDOWS 11\.openjfx\cache\21.0.3+2\amd64\api-ms-win-crt-conio-l1-1-0.dll
0x000001e98d8f0000 - 0x000001e98d8f4000 	C:\Users\WINDOWS 11\.openjfx\cache\21.0.3+2\amd64\api-ms-win-crt-convert-l1-1-0.dll
0x000001e98d900000 - 0x000001e98d903000 	C:\Users\WINDOWS 11\.openjfx\cache\21.0.3+2\amd64\api-ms-win-crt-environment-l1-1-0.dll
0x000001e98d910000 - 0x000001e98d913000 	C:\Users\WINDOWS 11\.openjfx\cache\21.0.3+2\amd64\api-ms-win-crt-filesystem-l1-1-0.dll
0x000001e98d920000 - 0x000001e98d923000 	C:\Users\WINDOWS 11\.openjfx\cache\21.0.3+2\amd64\api-ms-win-crt-heap-l1-1-0.dll
0x000001e98d930000 - 0x000001e98d933000 	C:\Users\WINDOWS 11\.openjfx\cache\21.0.3+2\amd64\api-ms-win-crt-locale-l1-1-0.dll
0x000001e98d940000 - 0x000001e98d945000 	C:\Users\WINDOWS 11\.openjfx\cache\21.0.3+2\amd64\api-ms-win-crt-math-l1-1-0.dll
0x000001e98d950000 - 0x000001e98d955000 	C:\Users\WINDOWS 11\.openjfx\cache\21.0.3+2\amd64\api-ms-win-crt-multibyte-l1-1-0.dll
0x000001e98d960000 - 0x000001e98d970000 	C:\Users\WINDOWS 11\.openjfx\cache\21.0.3+2\amd64\api-ms-win-crt-private-l1-1-0.dll
0x000001e98d970000 - 0x000001e98d973000 	C:\Users\WINDOWS 11\.openjfx\cache\21.0.3+2\amd64\api-ms-win-crt-process-l1-1-0.dll
0x000001e98d980000 - 0x000001e98d984000 	C:\Users\WINDOWS 11\.openjfx\cache\21.0.3+2\amd64\api-ms-win-crt-runtime-l1-1-0.dll
0x000001e98d990000 - 0x000001e98d994000 	C:\Users\WINDOWS 11\.openjfx\cache\21.0.3+2\amd64\api-ms-win-crt-stdio-l1-1-0.dll
0x000001e98d9a0000 - 0x000001e98d9a4000 	C:\Users\WINDOWS 11\.openjfx\cache\21.0.3+2\amd64\api-ms-win-crt-string-l1-1-0.dll
0x000001e98d9b0000 - 0x000001e98d9b3000 	C:\Users\WINDOWS 11\.openjfx\cache\21.0.3+2\amd64\api-ms-win-crt-time-l1-1-0.dll
0x000001e98d9c0000 - 0x000001e98d9c3000 	C:\Users\WINDOWS 11\.openjfx\cache\21.0.3+2\amd64\api-ms-win-crt-utility-l1-1-0.dll
0x00007ff9e08a0000 - 0x00007ff9e099c000 	C:\Users\WINDOWS 11\.openjfx\cache\21.0.3+2\amd64\ucrtbase.dll
0x00007ff9e19c0000 - 0x00007ff9e19db000 	C:\Users\WINDOWS 11\.openjfx\cache\21.0.3+2\amd64\vcruntime140.dll
0x00007ff9eee30000 - 0x00007ff9eee3c000 	C:\Users\WINDOWS 11\.openjfx\cache\21.0.3+2\amd64\vcruntime140_1.dll
0x00007ff9e0dc0000 - 0x00007ff9e0e4e000 	C:\Users\WINDOWS 11\.openjfx\cache\21.0.3+2\amd64\msvcp140.dll
0x00007ff9ecf90000 - 0x00007ff9ecf99000 	C:\Users\WINDOWS 11\.openjfx\cache\21.0.3+2\amd64\msvcp140_1.dll
0x00007ff9e0ab0000 - 0x00007ff9e0af1000 	C:\Users\WINDOWS 11\.openjfx\cache\21.0.3+2\amd64\msvcp140_2.dll
0x00007ff9e1990000 - 0x00007ff9e19c0000 	C:\Users\WINDOWS 11\.openjfx\cache\21.0.3+2\amd64\prism_d3d.dll
0x00007ff9d3150000 - 0x00007ff9d3303000 	C:\WINDOWS\system32\d3d9.dll
0x00007ff9fdbf0000 - 0x00007ff9fdc1f000 	C:\WINDOWS\SYSTEM32\dwmapi.dll
0x00007ff9fdc40000 - 0x00007ff9fdc85000 	C:\WINDOWS\SYSTEM32\dxcore.dll
0x00007ff9fd950000 - 0x00007ff9fd9fa000 	C:\WINDOWS\system32\uxtheme.dll
0x00007ff9f9b50000 - 0x00007ff9f9d0b000 	C:\WINDOWS\System32\DriverStore\FileRepository\u0415346.inf_amd64_65a03ee01ac1140e\B413472\aticfx64.dll
0x00007ff977ed0000 - 0x00007ff977f04000 	C:\WINDOWS\System32\DriverStore\FileRepository\u0415346.inf_amd64_65a03ee01ac1140e\B413472\atiu9p64.dll
0x00007ff9687f0000 - 0x00007ff969537000 	C:\WINDOWS\System32\DriverStore\FileRepository\u0415346.inf_amd64_65a03ee01ac1140e\B413472\atiumd64.dll
0x00007ffa032a0000 - 0x00007ffa03437000 	C:\WINDOWS\System32\ole32.dll
0x000000006b0f0000 - 0x000000006c003000 	C:\WINDOWS\System32\DriverStore\FileRepository\u0415346.inf_amd64_65a03ee01ac1140e\B413472\atiumd6a.dll
0x00007ffa01bd0000 - 0x00007ffa02057000 	C:\WINDOWS\System32\SETUPAPI.dll
0x00007ff9f7940000 - 0x00007ff9f7975000 	C:\WINDOWS\SYSTEM32\amdihk64.dll
0x00007ff9fb170000 - 0x00007ff9fb1d1000 	C:\WINDOWS\SYSTEM32\directxdatabasehelper.dll
0x00007ff9e0850000 - 0x00007ff9e0892000 	C:\Users\WINDOWS 11\.openjfx\cache\21.0.3+2\amd64\glass.dll
0x00007ffa01200000 - 0x00007ffa012f0000 	C:\WINDOWS\System32\COMDLG32.dll
0x00007ffa029b0000 - 0x00007ffa02b0c000 	C:\WINDOWS\System32\MSCTF.dll
0x00007ff9e1940000 - 0x00007ff9e1955000 	C:\Users\WINDOWS 11\.openjfx\cache\21.0.3+2\amd64\javafx_font.dll
0x00007ff9fc190000 - 0x00007ff9fc3f7000 	C:\WINDOWS\SYSTEM32\dwrite.dll
0x00007ffa02b10000 - 0x00007ffa02bbe000 	C:\WINDOWS\System32\clbcatq.dll
0x00007ff9fbf60000 - 0x00007ff9fc18d000 	C:\WINDOWS\SYSTEM32\WindowsCodecs.dll
0x00007ff9d7030000 - 0x00007ff9d708a000 	C:\WINDOWS\system32\dataexchange.dll
0x00007ff9f53c0000 - 0x00007ff9f560e000 	C:\WINDOWS\system32\twinapi.appcore.dll
0x00007ff9e0820000 - 0x00007ff9e084c000 	C:\Program Files\Common Files\Microsoft Shared\Ink\rtscom.dll
0x00007ff9f0f30000 - 0x00007ff9f1076000 	C:\WINDOWS\SYSTEM32\textinputframework.dll
0x00007ff9fd320000 - 0x00007ff9fd447000 	C:\WINDOWS\SYSTEM32\CoreMessaging.dll
0x00007ff9fa0c0000 - 0x00007ff9fa3a2000 	C:\WINDOWS\SYSTEM32\CoreUIComponents.dll
0x00007ff9f9f50000 - 0x00007ff9fa0ba000 	C:\WINDOWS\SYSTEM32\wintypes.dll
0x00007ff9ff4b0000 - 0x00007ff9ff4bc000 	C:\WINDOWS\SYSTEM32\CRYPTBASE.DLL
0x00007ff9ecf10000 - 0x00007ff9ecf1e000 	C:\Program Files\Greenfoot\jdk\bin\sunmscapi.dll
0x00007ffa003e0000 - 0x00007ffa00558000 	C:\WINDOWS\System32\CRYPT32.dll
0x00007ff9ff6b0000 - 0x00007ff9ff6e0000 	C:\WINDOWS\SYSTEM32\ncrypt.dll
0x00007ff9ff660000 - 0x00007ff9ff69f000 	C:\WINDOWS\SYSTEM32\NTASN1.dll
0x00007ff9ff490000 - 0x00007ff9ff4ab000 	C:\WINDOWS\SYSTEM32\CRYPTSP.dll
0x00007ff9feba0000 - 0x00007ff9febd9000 	C:\WINDOWS\system32\rsaenh.dll
0x00007ff9ff260000 - 0x00007ff9ff293000 	C:\WINDOWS\SYSTEM32\USERENV.dll
0x00007ff9ffda0000 - 0x00007ff9ffdca000 	C:\WINDOWS\SYSTEM32\bcrypt.dll

dbghelp: loaded successfully - version: 4.0.5 - missing functions: none
symbol engine: initialized successfully - sym options: 0x614 - pdb path: .;C:\Program Files\Greenfoot\jdk\bin;C:\WINDOWS\SYSTEM32;C:\WINDOWS\WinSxS\amd64_microsoft.windows.common-controls_6595b64144ccf1df_6.0.26100.8457_none_3e0b2faee331e92d;C:\Program Files\Greenfoot\jdk\bin\server;C:\Users\WINDOWS 11\.openjfx\cache\21.0.3+2\amd64;C:\WINDOWS\System32\DriverStore\FileRepository\u0415346.inf_amd64_65a03ee01ac1140e\B413472;C:\Program Files\Common Files\Microsoft Shared\Ink

VM Arguments:
jvm_args: -Dhttps.protocols=TLSv1,TLSv1.1,TLSv1.2 
java_command: bluej.Boot C:\Users\WINDOWS 11\Desktop\Intro\introduccion\project.greenfoot -greenfoot=true -bluej.compiler.showunchecked=false
java_class_path (initial): C:\Program Files\Greenfoot\lib\boot.jar;C:\Program Files\Greenfoot\lib\javafx-base-21.0.3-win.jar;C:\Program Files\Greenfoot\lib\javafx-controls-21.0.3-win.jar;C:\Program Files\Greenfoot\lib\javafx-fxml-21.0.3-win.jar;C:\Program Files\Greenfoot\lib\javafx-graphics-21.0.3-win.jar;C:\Program Files\Greenfoot\lib\javafx-media-21.0.3-win.jar;C:\Program Files\Greenfoot\lib\javafx-swing-21.0.3-win.jar;C:\Program Files\Greenfoot\lib\javafx-web-21.0.3-win.jar
Launcher Type: SUN_STANDARD

[Global flags]
     intx CICompilerCount                          = 3                                         {product} {ergonomic}
     uint ConcGCThreads                            = 1                                         {product} {ergonomic}
     uint G1ConcRefinementThreads                  = 4                                         {product} {ergonomic}
   size_t G1HeapRegionSize                         = 1048576                                   {product} {ergonomic}
    uintx GCDrainStackTargetSize                   = 64                                        {product} {ergonomic}
   size_t InitialHeapSize                          = 100663296                                 {product} {ergonomic}
   size_t MarkStackSize                            = 4194304                                   {product} {ergonomic}
   size_t MaxHeapSize                              = 1579155456                                {product} {ergonomic}
   size_t MaxNewSize                               = 946864128                                 {product} {ergonomic}
   size_t MinHeapDeltaBytes                        = 1048576                                   {product} {ergonomic}
   size_t MinHeapSize                              = 8388608                                   {product} {ergonomic}
    uintx NonNMethodCodeHeapSize                   = 5832780                                {pd product} {ergonomic}
    uintx NonProfiledCodeHeapSize                  = 122912730                              {pd product} {ergonomic}
    uintx ProfiledCodeHeapSize                     = 122912730                              {pd product} {ergonomic}
    uintx ReservedCodeCacheSize                    = 251658240                              {pd product} {ergonomic}
     bool SegmentedCodeCache                       = true                                      {product} {ergonomic}
   size_t SoftMaxHeapSize                          = 1579155456                             {manageable} {ergonomic}
     bool UseCompressedOops                        = true                           {product lp64_product} {ergonomic}
     bool UseG1GC                                  = true                                      {product} {ergonomic}
     bool UseLargePagesIndividualAllocation        = false                                  {pd product} {ergonomic}

Logging:
Log output configuration:
 #0: stdout all=warning uptime,level,tags foldmultilines=false
 #1: stderr all=off uptime,level,tags foldmultilines=false

Environment Variables:
PATH=C:\Program Files\Common Files\Oracle\Java\javapath;C:\Program Files (x86)\Common Files\Oracle\Java\java8path;C:\Program Files (x86)\Common Files\Oracle\Java\javapath;C:\WINDOWS\system32;C:\WINDOWS;C:\WINDOWS\System32\Wbem;C:\WINDOWS\System32\WindowsPowerShell\v1.0\;C:\WINDOWS\System32\OpenSSH\;C:\Program Files\dotnet\;C:\Program Files\nodejs\;C:\Program Files\Calibre2\;C:\Users\WINDOWS 11\AppData\Local\Muse Hub\lib;C:\Program Files\Git\cmd;C:\Users\WINDOWS 11\AppData\Local\Microsoft\WindowsApps;C:\Users\WINDOWS 11\.dotnet\tools;C:\Users\WINDOWS 11\AppData\Local\Programs\Microsoft VS Code\bin;C:\Users\WINDOWS 11\AppData\Local\Packages\PythonSoftwareFoundation.Python.3.11_qbz5n2kfra8p0\LocalCache\local-packages\Python311\site-packages;C:\Users\WINDOWS 11\AppData\Roaming\npm;C:\Users\WINDOWS 11\AppData\Local\Muse Hub\lib;
USERNAME=WINDOWS 11
OS=Windows_NT
PROCESSOR_IDENTIFIER=AMD64 Family 23 Model 24 Stepping 1, AuthenticAMD
TMP=C:\Users\WINDOW~1\AppData\Local\Temp
TEMP=C:\Users\WINDOW~1\AppData\Local\Temp




Periodic native trim disabled

---------------  S Y S T E M  ---------------

OS:
 Windows 11 , 64 bit Build 26100 (10.0.26100.8328)
OS uptime: 4 days 16:13 hours
Hyper-V role detected

CPU: total 4 (initial active 4) (4 cores per cpu, 2 threads per core) family 23 model 24 stepping 1 microcode 0x8108102, cx8, cmov, fxsr, ht, mmx, 3dnowpref, sse, sse2, sse3, ssse3, sse4a, sse4.1, sse4.2, popcnt, lzcnt, tsc, tscinvbit, avx, avx2, aes, clmul, bmi1, bmi2, adx, sha, fma, vzeroupper, clflush, clflushopt, hv, rdtscp, f16c
Processor Information for all 4 processors :
  Max Mhz: 2600, Current Mhz: 2600, Mhz Limit: 2600

Memory: 4k page, system-wide physical 6020M (580M free)
TotalPageFile size 18472M (AvailPageFile size 5M)
current process WorkingSet (physical memory assigned to process): 60M, peak: 366M
current process commit charge ("private bytes"): 399M, peak: 406M

vm_info: OpenJDK 64-Bit Server VM (21.0.4+7-LTS) for windows-amd64 JRE (21.0.4+7-LTS), built on 2024-07-16T00:00:00Z by "admin" with MS VC++ 17.7 (VS2022)

END.
